Using pre-set license
Built from '2021.2/staging' branch; Version is '2021.2.8f1 (d0e5f0a7b06a) revision 13690352'; Using compiler version '192829333'; Build Type 'Release'
OS: 'Windows 11  (10.0.22000) 64bit Professional' Language: 'en' Physical Memory: 32635 MB
BatchMode: 1, IsHumanControllingUs: 0, StartBugReporterOnCrash: 0, Is64bit: 1, IsPro: 0

COMMAND LINE ARGUMENTS:
C:\Program Files\Unity\Hub\Editor\2021.2.8f1\Editor\Unity.exe
-adb2
-batchMode
-noUpm
-name
AssetImportWorker3
-projectPath
D:/UnityProjects/SyntyLipSync
-logFile
Logs/AssetImportWorker3.log
-srvPort
50218
Successfully changed project path to: D:/UnityProjects/SyntyLipSync
D:/UnityProjects/SyntyLipSync
[UnityMemory] Configuration Parameters - Can be set up in boot.config
    "memorysetup-bucket-allocator-granularity=16"
    "memorysetup-bucket-allocator-bucket-count=8"
    "memorysetup-bucket-allocator-block-size=33554432"
    "memorysetup-bucket-allocator-block-count=8"
    "memorysetup-main-allocator-block-size=16777216"
    "memorysetup-thread-allocator-block-size=16777216"
    "memorysetup-gfx-main-allocator-block-size=16777216"
    "memorysetup-gfx-thread-allocator-block-size=16777216"
    "memorysetup-cache-allocator-block-size=4194304"
    "memorysetup-typetree-allocator-block-size=2097152"
    "memorysetup-profiler-bucket-allocator-granularity=16"
    "memorysetup-profiler-bucket-allocator-bucket-count=8"
    "memorysetup-profiler-bucket-allocator-block-size=33554432"
    "memorysetup-profiler-bucket-allocator-block-count=8"
    "memorysetup-profiler-allocator-block-size=16777216"
    "memorysetup-profiler-editor-allocator-block-size=1048576"
    "memorysetup-temp-allocator-size-main=16777216"
    "memorysetup-job-temp-allocator-block-size=2097152"
    "memorysetup-job-temp-allocator-block-size-background=1048576"
    "memorysetup-job-temp-allocator-reduction-small-platforms=262144"
    "memorysetup-temp-allocator-size-background-worker=32768"
    "memorysetup-temp-allocator-size-job-worker=262144"
    "memorysetup-temp-allocator-size-preload-manager=33554432"
    "memorysetup-temp-allocator-size-nav-mesh-worker=65536"
    "memorysetup-temp-allocator-size-audio-worker=65536"
    "memorysetup-temp-allocator-size-cloud-worker=32768"
    "memorysetup-temp-allocator-size-gi-baking-worker=262144"
    "memorysetup-temp-allocator-size-gfx=262144"
Refreshing native plugins compatible for Editor in 87.89 ms, found 3 plugins.
Preloading 0 native plugins for Editor in 0.00 ms.
Initialize engine version: 2021.2.8f1 (d0e5f0a7b06a)
[Subsystems] Discovering subsystems at path C:/Program Files/Unity/Hub/Editor/2021.2.8f1/Editor/Data/Resources/UnitySubsystems
[Subsystems] Discovering subsystems at path D:/UnityProjects/SyntyLipSync/Assets
GfxDevice: creating device client; threaded=0; jobified=0
Direct3D:
    Version:  Direct3D 11.0 [level 11.1]
    Renderer: NVIDIA GeForce RTX 2060 (ID=0x1f15)
    Vendor:   NVIDIA
    VRAM:     5980 MB
    Driver:   31.0.15.1700
Initialize mono
Mono path[0] = 'C:/Program Files/Unity/Hub/Editor/2021.2.8f1/Editor/Data/Managed'
Mono path[1] = 'C:/Program Files/Unity/Hub/Editor/2021.2.8f1/Editor/Data/MonoBleedingEdge/lib/mono/unityjit-win32'
Mono config path = 'C:/Program Files/Unity/Hub/Editor/2021.2.8f1/Editor/Data/MonoBleedingEdge/etc'
Using monoOptions --debugger-agent=transport=dt_socket,embedding=1,server=y,suspend=n,address=127.0.0.1:56532
Begin MonoManager ReloadAssembly
Registering precompiled unity dll's ...
Register platform support module: C:/Program Files/Unity/Hub/Editor/2021.2.8f1/Editor/Data/PlaybackEngines/WebGLSupport/UnityEditor.WebGL.Extensions.dll
Register platform support module: C:/Program Files/Unity/Hub/Editor/2021.2.8f1/Editor/Data/PlaybackEngines/WindowsStandaloneSupport/UnityEditor.WindowsStandalone.Extensions.dll
Registered in 0.004140 seconds.
Native extension for WindowsStandalone target not found
Native extension for WebGL target not found
Refreshing native plugins compatible for Editor in 79.32 ms, found 3 plugins.
Preloading 0 native plugins for Editor in 0.00 ms.
Mono: successfully reloaded assembly
- Completed reload, in  0.548 seconds
Domain Reload Profiling:
	ReloadAssembly (549ms)
		BeginReloadAssembly (62ms)
			ExecutionOrderSort (0ms)
			DisableScriptedObjects (0ms)
			BackupInstance (0ms)
			ReleaseScriptingObjects (0ms)
			CreateAndSetChildDomain (1ms)
		EndReloadAssembly (417ms)
			LoadAssemblies (60ms)
			RebuildTransferFunctionScriptingTraits (0ms)
			SetupTypeCache (99ms)
			ReleaseScriptCaches (0ms)
			RebuildScriptCaches (24ms)
			SetupLoadedEditorAssemblies (250ms)
				LogAssemblyErrors (0ms)
				InitializePlatformSupportModulesInManaged (13ms)
				SetLoadedEditorAssemblies (0ms)
				RefreshPlugins (79ms)
				BeforeProcessingInitializeOnLoad (1ms)
				ProcessInitializeOnLoadAttributes (117ms)
				ProcessInitializeOnLoadMethodAttributes (40ms)
				AfterProcessingInitializeOnLoad (0ms)
				EditorAssembliesLoaded (0ms)
			ExecutionOrderSort2 (0ms)
			AwakeInstancesAfterBackupRestoration (0ms)
Platform modules already initialized, skipping
Registering precompiled user dll's ...
Registered in 0.002759 seconds.
Begin MonoManager ReloadAssembly
Symbol file LoadedFromMemory doesn't match image D:\UnityProjects\SyntyLipSync\Library\PackageCache\com.unity.visualscripting@1.7.6\Editor\VisualScripting.Core\Dependencies\YamlDotNet\Unity.VisualScripting.YamlDotNet.dll
Symbol file LoadedFromMemory doesn't match image D:\UnityProjects\SyntyLipSync\Library\PackageCache\com.unity.visualscripting@1.7.6\Editor\VisualScripting.Core\Dependencies\DotNetZip\Unity.VisualScripting.IonicZip.dll
Native extension for WindowsStandalone target not found
Native extension for WebGL target not found
Refreshing native plugins compatible for Editor in 0.68 ms, found 3 plugins.
Preloading 0 native plugins for Editor in 0.00 ms.
Mono: successfully reloaded assembly
- Completed reload, in  0.836 seconds
Domain Reload Profiling:
	ReloadAssembly (837ms)
		BeginReloadAssembly (90ms)
			ExecutionOrderSort (0ms)
			DisableScriptedObjects (5ms)
			BackupInstance (0ms)
			ReleaseScriptingObjects (0ms)
			CreateAndSetChildDomain (17ms)
		EndReloadAssembly (662ms)
			LoadAssemblies (57ms)
			RebuildTransferFunctionScriptingTraits (0ms)
			SetupTypeCache (225ms)
			ReleaseScriptCaches (1ms)
			RebuildScriptCaches (45ms)
			SetupLoadedEditorAssemblies (295ms)
				LogAssemblyErrors (0ms)
				InitializePlatformSupportModulesInManaged (10ms)
				SetLoadedEditorAssemblies (0ms)
				RefreshPlugins (1ms)
				BeforeProcessingInitializeOnLoad (65ms)
				ProcessInitializeOnLoadAttributes (194ms)
				ProcessInitializeOnLoadMethodAttributes (19ms)
				AfterProcessingInitializeOnLoad (4ms)
				EditorAssembliesLoaded (0ms)
			ExecutionOrderSort2 (0ms)
			AwakeInstancesAfterBackupRestoration (5ms)
Platform modules already initialized, skipping
========================================================================
Worker process is ready to serve import requests
Launched and connected shader compiler UnityShaderCompiler.exe after 0.05 seconds
Refreshing native plugins compatible for Editor in 0.70 ms, found 3 plugins.
Preloading 0 native plugins for Editor in 0.00 ms.
Unloading 3218 Unused Serialized files (Serialized files now loaded: 0)
Unloading 26 unused Assets / (112.1 KB). Loaded Objects now: 3675.
Memory consumption went from 119.9 MB to 119.8 MB.
Total: 2.706100 ms (FindLiveObjects: 0.240900 ms CreateObjectMapping: 0.191500 ms MarkObjects: 2.180800 ms  DeleteObjects: 0.091600 ms)

AssetImportParameters requested are different than current active one (requested -> active):
  custom:video-decoder-ogg-theora: a1e56fd34408186e4bbccfd4996cb3dc -> 
  custom:container-muxer-webm: aa71ff27fc2769a1b78a27578f13a17b -> 
  custom:container-demuxer-webm: 4f35f7cbe854078d1ac9338744f61a02 -> 
  custom:video-encoder-webm-vp8: eb34c28f22e8b96e1ab97ce403110664 -> 
  custom:audio-encoder-webm-vorbis: bf7c407c2cedff20999df2af8eb42d56 -> 
  custom:framework-win-MediaFoundation: 216162199b28c13a410421893ffa2e32 -> 
  custom:container-demuxer-ogg: 62fdf1f143b41e24485cea50d1cbac27 -> 
  custom:video-decoder-webm-vp8: 9c59270c3fd7afecdb556c50c9e8de78 -> 
  custom:audio-decoder-ogg-vorbis: bf7c407c2cedff20999df2af8eb42d56 -> 
========================================================================
Received Import Request.
  Time since last request: 1291884.313553 seconds.
  path: Assets/PolygonKids/Materials/PolygonKids_Material_03_A.mat
  artifactKey: Guid(297cde5b674fd364b97a0babafccffa6) Importer(815301076,1909f56bfc062723c751e8b465ee728b)
Start importing Assets/PolygonKids/Materials/PolygonKids_Material_03_A.mat using Guid(297cde5b674fd364b97a0babafccffa6) Importer(815301076,1909f56bfc062723c751e8b465ee728b)  -> (artifact id: 'c2c3e0f7f1965180cff62e7f06920e22') in 0.126836 seconds 
========================================================================
Received Import Request.
  Time since last request: 1.625979 seconds.
  path: Assets/PolygonKids/Materials/Alts/PolygonKids_Material_02_B.mat
  artifactKey: Guid(99ce543f1f2d6144092ea94087608f3d) Importer(815301076,1909f56bfc062723c751e8b465ee728b)
Start importing Assets/PolygonKids/Materials/Alts/PolygonKids_Material_02_B.mat using Guid(99ce543f1f2d6144092ea94087608f3d) Importer(815301076,1909f56bfc062723c751e8b465ee728b)  -> (artifact id: '63f8465868bc5ec2aa7e8a34fc24f4c5') in 0.014316 seconds 
========================================================================
Received Import Request.
  Time since last request: 0.000013 seconds.
  path: Assets/PolygonKids/Materials/Alts/PolygonKids_Material_04_B.mat
  artifactKey: Guid(e741e86294ea34645a3a3d81f3ac932e) Importer(815301076,1909f56bfc062723c751e8b465ee728b)
Start importing Assets/PolygonKids/Materials/Alts/PolygonKids_Material_04_B.mat using Guid(e741e86294ea34645a3a3d81f3ac932e) Importer(815301076,1909f56bfc062723c751e8b465ee728b)  -> (artifact id: '8c31753b0b6876baa8ed277bab340f68') in 0.016923 seconds 
========================================================================
Received Import Request.
  Time since last request: 0.000039 seconds.
  path: Assets/PolygonKids/Materials/Alts/PolygonKids_Material_04_C.mat
  artifactKey: Guid(0c1af2ad01d846743beb479f50046b2f) Importer(815301076,1909f56bfc062723c751e8b465ee728b)
Start importing Assets/PolygonKids/Materials/Alts/PolygonKids_Material_04_C.mat using Guid(0c1af2ad01d846743beb479f50046b2f) Importer(815301076,1909f56bfc062723c751e8b465ee728b)  -> (artifact id: 'acd9dd5f75d2c857d74a9fe7eb0c616c') in 0.014321 seconds 
========================================================================
Received Import Request.
  Time since last request: 2.028792 seconds.
  path: Assets/PolygonKids/Materials/Misc/PolygonKids_Material_01_ZombiesEyes_A.mat
  artifactKey: Guid(25f284d0e00fa9b40a1c7e57c614e561) Importer(815301076,1909f56bfc062723c751e8b465ee728b)
Start importing Assets/PolygonKids/Materials/Misc/PolygonKids_Material_01_ZombiesEyes_A.mat using Guid(25f284d0e00fa9b40a1c7e57c614e561) Importer(815301076,1909f56bfc062723c751e8b465ee728b)  -> (artifact id: 'fac0cc77853c3461db578540dbbb8218') in 0.034917 seconds 
========================================================================
Received Import Request.
  Time since last request: 0.000023 seconds.
  path: Assets/PolygonKids/Materials/Misc/PolygonKids_Material_Face_Crying_01_A.mat
  artifactKey: Guid(f8e88842cfe9bc2419d8e6852abdb633) Importer(815301076,1909f56bfc062723c751e8b465ee728b)
Start importing Assets/PolygonKids/Materials/Misc/PolygonKids_Material_Face_Crying_01_A.mat using Guid(f8e88842cfe9bc2419d8e6852abdb633) Importer(815301076,1909f56bfc062723c751e8b465ee728b)  -> (artifact id: '1f629a02b677b0b7a46ea03ed127aa0a') in 0.017344 seconds 
========================================================================
Received Import Request.
  Time since last request: 0.000022 seconds.
  path: Assets/PolygonKids/Materials/Misc/PolygonKids_Material_Face_Freckles_01_A.mat
  artifactKey: Guid(7be77723b1f62184384b3e9b4ba55a27) Importer(815301076,1909f56bfc062723c751e8b465ee728b)
Start importing Assets/PolygonKids/Materials/Misc/PolygonKids_Material_Face_Freckles_01_A.mat using Guid(7be77723b1f62184384b3e9b4ba55a27) Importer(815301076,1909f56bfc062723c751e8b465ee728b)  -> (artifact id: '6226dacd8975f3a058cbba16dd4a1ffd') in 0.016497 seconds 
========================================================================
Received Import Request.
  Time since last request: 0.000028 seconds.
  path: Assets/PolygonKids/Materials/Misc/PolygonKids_Material_Face_01_A.mat
  artifactKey: Guid(775eab10ddca0394d9d6238e9f3ece58) Importer(815301076,1909f56bfc062723c751e8b465ee728b)
Start importing Assets/PolygonKids/Materials/Misc/PolygonKids_Material_Face_01_A.mat using Guid(775eab10ddca0394d9d6238e9f3ece58) Importer(815301076,1909f56bfc062723c751e8b465ee728b)  -> (artifact id: '9c5428b28a30c5535494d513224945b8') in 0.013966 seconds 
========================================================================
Received Import Request.
  Time since last request: 8.882685 seconds.
  path: Assets/PolygonKids/Textures/Faces_Human/MissingTooth/Phonemes/Polygon_Kids_Texture_Facial_Phonemes_BMP_MissingTooth_01.png
  artifactKey: Guid(5fa0ac20dcb60fb4d873372bfefb37d4) Importer(815301076,1909f56bfc062723c751e8b465ee728b)
Start importing Assets/PolygonKids/Textures/Faces_Human/MissingTooth/Phonemes/Polygon_Kids_Texture_Facial_Phonemes_BMP_MissingTooth_01.png using Guid(5fa0ac20dcb60fb4d873372bfefb37d4) Importer(815301076,1909f56bfc062723c751e8b465ee728b)  -> (artifact id: 'c38cc3873d9f4591e9f4215647ab8fdf') in 0.028793 seconds 
========================================================================
Received Import Request.
  Time since last request: 0.000024 seconds.
  path: Assets/PolygonKids/Textures/Faces_Human/MissingTooth/Phonemes/Polygon_Kids_Texture_Facial_Phonemes_F_MissingTooth_01.png
  artifactKey: Guid(542b1b0335fe9ed49a02029cd9ac2c85) Importer(815301076,1909f56bfc062723c751e8b465ee728b)
Start importing Assets/PolygonKids/Textures/Faces_Human/MissingTooth/Phonemes/Polygon_Kids_Texture_Facial_Phonemes_F_MissingTooth_01.png using Guid(542b1b0335fe9ed49a02029cd9ac2c85) Importer(815301076,1909f56bfc062723c751e8b465ee728b)  -> (artifact id: '0714211064d6f742883c2cc7776cdd44') in 0.014022 seconds 
========================================================================
Received Import Request.
  Time since last request: 0.000056 seconds.
  path: Assets/PolygonKids/Textures/Faces_Human/MissingTooth/Phonemes/Polygon_Kids_Texture_Facial_Phonemes_R_MissingTooth_01.png
  artifactKey: Guid(b1a9275a2bc552a47a52de3803f79a92) Importer(815301076,1909f56bfc062723c751e8b465ee728b)
Start importing Assets/PolygonKids/Textures/Faces_Human/MissingTooth/Phonemes/Polygon_Kids_Texture_Facial_Phonemes_R_MissingTooth_01.png using Guid(b1a9275a2bc552a47a52de3803f79a92) Importer(815301076,1909f56bfc062723c751e8b465ee728b)  -> (artifact id: '0e7edd074b4273997527f4f1091fcdb5') in 0.016054 seconds 
========================================================================
Received Prepare
Registering precompiled user dll's ...
Registered in 0.002715 seconds.
Begin MonoManager ReloadAssembly
Symbol file LoadedFromMemory doesn't match image D:\UnityProjects\SyntyLipSync\Library\PackageCache\com.unity.visualscripting@1.7.6\Editor\VisualScripting.Core\Dependencies\YamlDotNet\Unity.VisualScripting.YamlDotNet.dll
Symbol file LoadedFromMemory doesn't match image D:\UnityProjects\SyntyLipSync\Library\PackageCache\com.unity.visualscripting@1.7.6\Editor\VisualScripting.Core\Dependencies\DotNetZip\Unity.VisualScripting.IonicZip.dll
Native extension for WindowsStandalone target not found
Native extension for WebGL target not found
Refreshing native plugins compatible for Editor in 0.64 ms, found 3 plugins.
Preloading 0 native plugins for Editor in 0.00 ms.
Mono: successfully reloaded assembly
- Completed reload, in  0.866 seconds
Domain Reload Profiling:
	ReloadAssembly (867ms)
		BeginReloadAssembly (116ms)
			ExecutionOrderSort (0ms)
			DisableScriptedObjects (4ms)
			BackupInstance (0ms)
			ReleaseScriptingObjects (0ms)
			CreateAndSetChildDomain (29ms)
		EndReloadAssembly (660ms)
			LoadAssemblies (68ms)
			RebuildTransferFunctionScriptingTraits (0ms)
			SetupTypeCache (257ms)
			ReleaseScriptCaches (1ms)
			RebuildScriptCaches (37ms)
			SetupLoadedEditorAssemblies (255ms)
				LogAssemblyErrors (0ms)
				InitializePlatformSupportModulesInManaged (12ms)
				SetLoadedEditorAssemblies (0ms)
				RefreshPlugins (1ms)
				BeforeProcessingInitializeOnLoad (50ms)
				ProcessInitializeOnLoadAttributes (165ms)
				ProcessInitializeOnLoadMethodAttributes (20ms)
				AfterProcessingInitializeOnLoad (8ms)
				EditorAssembliesLoaded (0ms)
			ExecutionOrderSort2 (0ms)
			AwakeInstancesAfterBackupRestoration (10ms)
Platform modules already initialized, skipping
Refreshing native plugins compatible for Editor in 0.64 ms, found 3 plugins.
Preloading 0 native plugins for Editor in 0.00 ms.
Unloading 3228 Unused Serialized files (Serialized files now loaded: 0)
Unloading 21 unused Assets / (79.0 KB). Loaded Objects now: 3775.
Memory consumption went from 142.1 MB to 142.0 MB.
Total: 2.599900 ms (FindLiveObjects: 0.287700 ms CreateObjectMapping: 0.242300 ms MarkObjects: 1.990300 ms  DeleteObjects: 0.078500 ms)

AssetImportParameters requested are different than current active one (requested -> active):
  custom:video-decoder-ogg-theora: a1e56fd34408186e4bbccfd4996cb3dc -> 
  custom:container-muxer-webm: aa71ff27fc2769a1b78a27578f13a17b -> 
  custom:container-demuxer-webm: 4f35f7cbe854078d1ac9338744f61a02 -> 
  custom:video-encoder-webm-vp8: eb34c28f22e8b96e1ab97ce403110664 -> 
  custom:audio-encoder-webm-vorbis: bf7c407c2cedff20999df2af8eb42d56 -> 
  custom:framework-win-MediaFoundation: 216162199b28c13a410421893ffa2e32 -> 
  custom:container-demuxer-ogg: 62fdf1f143b41e24485cea50d1cbac27 -> 
  custom:video-decoder-webm-vp8: 9c59270c3fd7afecdb556c50c9e8de78 -> 
  custom:audio-decoder-ogg-vorbis: bf7c407c2cedff20999df2af8eb42d56 -> 
========================================================================
Received Import Request.
  Time since last request: 168.133770 seconds.
  path: Packages/com.unity.collab-proxy/Editor/PlasticSCM/Assets/Images/d_genericbuho2.png
  artifactKey: Guid(0f061b4bd0275bc4eb60f2af31e7375a) Importer(815301076,1909f56bfc062723c751e8b465ee728b)
Start importing Packages/com.unity.collab-proxy/Editor/PlasticSCM/Assets/Images/d_genericbuho2.png using Guid(0f061b4bd0275bc4eb60f2af31e7375a) Importer(815301076,1909f56bfc062723c751e8b465ee728b)  -> (artifact id: 'ac63cbf550d2b34088fa33434625a4a7') in 0.066610 seconds 
========================================================================
Received Import Request.
  Time since last request: 329.471372 seconds.
  path: Assets/Rhubarb/Sprites/lisa-B.png
  artifactKey: Guid(7d447de062c713d44ae16f9298579a45) Importer(815301076,1909f56bfc062723c751e8b465ee728b)
Start importing Assets/Rhubarb/Sprites/lisa-B.png using Guid(7d447de062c713d44ae16f9298579a45) Importer(815301076,1909f56bfc062723c751e8b465ee728b)  -> (artifact id: 'f23032d09919f006900e095de21f66ab') in 0.033442 seconds 
========================================================================
Received Import Request.
  Time since last request: 0.000016 seconds.
  path: Assets/Rhubarb/Sprites/lisa-X.png
  artifactKey: Guid(a7ecb1289662d0241985a2c54a3b4e9f) Importer(815301076,1909f56bfc062723c751e8b465ee728b)
Start importing Assets/Rhubarb/Sprites/lisa-X.png using Guid(a7ecb1289662d0241985a2c54a3b4e9f) Importer(815301076,1909f56bfc062723c751e8b465ee728b)  -> (artifact id: 'b133605d7aeb5f1d09a6c90a441e10af') in 0.024409 seconds 
========================================================================
Received Import Request.
  Time since last request: 0.000021 seconds.
  path: Assets/Rhubarb/Sprites/lisa-G.png
  artifactKey: Guid(5b874208b830adb4183e75009c776c36) Importer(815301076,1909f56bfc062723c751e8b465ee728b)
Start importing Assets/Rhubarb/Sprites/lisa-G.png using Guid(5b874208b830adb4183e75009c776c36) Importer(815301076,1909f56bfc062723c751e8b465ee728b)  -> (artifact id: 'd934ead4a962cbd2e0727a9c9100acbf') in 0.020616 seconds 
========================================================================
Received Import Request.
  Time since last request: 0.000025 seconds.
  path: Assets/Rhubarb/Sprites/lisa-E.png
  artifactKey: Guid(01e402fd57a0be0428ee829c24f1aa7b) Importer(815301076,1909f56bfc062723c751e8b465ee728b)
Start importing Assets/Rhubarb/Sprites/lisa-E.png using Guid(01e402fd57a0be0428ee829c24f1aa7b) Importer(815301076,1909f56bfc062723c751e8b465ee728b)  -> (artifact id: 'd42979032308c00ec0da72a9167aa85f') in 0.019693 seconds 
========================================================================
Received Import Request.
  Time since last request: 0.000015 seconds.
  path: Assets/Rhubarb/Sprites/Lisa.asset
  artifactKey: Guid(7ab33e9d4d18e8e478bb59d9a2b5e852) Importer(815301076,1909f56bfc062723c751e8b465ee728b)
Start importing Assets/Rhubarb/Sprites/Lisa.asset using Guid(7ab33e9d4d18e8e478bb59d9a2b5e852) Importer(815301076,1909f56bfc062723c751e8b465ee728b)  -> (artifact id: '87d827ecb4c1de7798c0d73d2ce92599') in 0.009210 seconds 
Editor requested this worker to shutdown with reason: Scaling down because of idle timeout
AssetImportWorker is now disconnected from the server
Process exiting
Exiting without the bug reporter. Application will terminate with return code 0