Using pre-set license
Built from '2021.2/staging' branch; Version is '2021.2.8f1 (d0e5f0a7b06a) revision 13690352'; Using compiler version '192829333'; Build Type 'Release'
OS: 'Windows 11  (10.0.22000) 64bit Professional' Language: 'en' Physical Memory: 32635 MB
BatchMode: 1, IsHumanControllingUs: 0, StartBugReporterOnCrash: 0, Is64bit: 1, IsPro: 0

COMMAND LINE ARGUMENTS:
C:\Program Files\Unity\Hub\Editor\2021.2.8f1\Editor\Unity.exe
-adb2
-batchMode
-noUpm
-name
AssetImportWorker1
-projectPath
D:/UnityProjects/SyntyLipSync
-logFile
Logs/AssetImportWorker1.log
-srvPort
50218
Successfully changed project path to: D:/UnityProjects/SyntyLipSync
D:/UnityProjects/SyntyLipSync
[UnityMemory] Configuration Parameters - Can be set up in boot.config
    "memorysetup-bucket-allocator-granularity=16"
    "memorysetup-bucket-allocator-bucket-count=8"
    "memorysetup-bucket-allocator-block-size=33554432"
    "memorysetup-bucket-allocator-block-count=8"
    "memorysetup-main-allocator-block-size=16777216"
    "memorysetup-thread-allocator-block-size=16777216"
    "memorysetup-gfx-main-allocator-block-size=16777216"
    "memorysetup-gfx-thread-allocator-block-size=16777216"
    "memorysetup-cache-allocator-block-size=4194304"
    "memorysetup-typetree-allocator-block-size=2097152"
    "memorysetup-profiler-bucket-allocator-granularity=16"
    "memorysetup-profiler-bucket-allocator-bucket-count=8"
    "memorysetup-profiler-bucket-allocator-block-size=33554432"
    "memorysetup-profiler-bucket-allocator-block-count=8"
    "memorysetup-profiler-allocator-block-size=16777216"
    "memorysetup-profiler-editor-allocator-block-size=1048576"
    "memorysetup-temp-allocator-size-main=16777216"
    "memorysetup-job-temp-allocator-block-size=2097152"
    "memorysetup-job-temp-allocator-block-size-background=1048576"
    "memorysetup-job-temp-allocator-reduction-small-platforms=262144"
    "memorysetup-temp-allocator-size-background-worker=32768"
    "memorysetup-temp-allocator-size-job-worker=262144"
    "memorysetup-temp-allocator-size-preload-manager=33554432"
    "memorysetup-temp-allocator-size-nav-mesh-worker=65536"
    "memorysetup-temp-allocator-size-audio-worker=65536"
    "memorysetup-temp-allocator-size-cloud-worker=32768"
    "memorysetup-temp-allocator-size-gi-baking-worker=262144"
    "memorysetup-temp-allocator-size-gfx=262144"
Refreshing native plugins compatible for Editor in 79.17 ms, found 3 plugins.
Preloading 0 native plugins for Editor in 0.00 ms.
Initialize engine version: 2021.2.8f1 (d0e5f0a7b06a)
[Subsystems] Discovering subsystems at path C:/Program Files/Unity/Hub/Editor/2021.2.8f1/Editor/Data/Resources/UnitySubsystems
[Subsystems] Discovering subsystems at path D:/UnityProjects/SyntyLipSync/Assets
GfxDevice: creating device client; threaded=0; jobified=0
Direct3D:
    Version:  Direct3D 11.0 [level 11.1]
    Renderer: NVIDIA GeForce RTX 2060 (ID=0x1f15)
    Vendor:   NVIDIA
    VRAM:     5980 MB
    Driver:   31.0.15.1700
Initialize mono
Mono path[0] = 'C:/Program Files/Unity/Hub/Editor/2021.2.8f1/Editor/Data/Managed'
Mono path[1] = 'C:/Program Files/Unity/Hub/Editor/2021.2.8f1/Editor/Data/MonoBleedingEdge/lib/mono/unityjit-win32'
Mono config path = 'C:/Program Files/Unity/Hub/Editor/2021.2.8f1/Editor/Data/MonoBleedingEdge/etc'
Using monoOptions --debugger-agent=transport=dt_socket,embedding=1,server=y,suspend=n,address=127.0.0.1:56712
Begin MonoManager ReloadAssembly
Registering precompiled unity dll's ...
Register platform support module: C:/Program Files/Unity/Hub/Editor/2021.2.8f1/Editor/Data/PlaybackEngines/WebGLSupport/UnityEditor.WebGL.Extensions.dll
Register platform support module: C:/Program Files/Unity/Hub/Editor/2021.2.8f1/Editor/Data/PlaybackEngines/WindowsStandaloneSupport/UnityEditor.WindowsStandalone.Extensions.dll
Registered in 0.004143 seconds.
Native extension for WindowsStandalone target not found
Native extension for WebGL target not found
Refreshing native plugins compatible for Editor in 83.45 ms, found 3 plugins.
Preloading 0 native plugins for Editor in 0.00 ms.
Mono: successfully reloaded assembly
- Completed reload, in  0.561 seconds
Domain Reload Profiling:
	ReloadAssembly (562ms)
		BeginReloadAssembly (61ms)
			ExecutionOrderSort (0ms)
			DisableScriptedObjects (0ms)
			BackupInstance (0ms)
			ReleaseScriptingObjects (0ms)
			CreateAndSetChildDomain (1ms)
		EndReloadAssembly (432ms)
			LoadAssemblies (59ms)
			RebuildTransferFunctionScriptingTraits (0ms)
			SetupTypeCache (101ms)
			ReleaseScriptCaches (0ms)
			RebuildScriptCaches (28ms)
			SetupLoadedEditorAssemblies (258ms)
				LogAssemblyErrors (0ms)
				InitializePlatformSupportModulesInManaged (14ms)
				SetLoadedEditorAssemblies (0ms)
				RefreshPlugins (84ms)
				BeforeProcessingInitializeOnLoad (1ms)
				ProcessInitializeOnLoadAttributes (118ms)
				ProcessInitializeOnLoadMethodAttributes (41ms)
				AfterProcessingInitializeOnLoad (0ms)
				EditorAssembliesLoaded (0ms)
			ExecutionOrderSort2 (0ms)
			AwakeInstancesAfterBackupRestoration (0ms)
Platform modules already initialized, skipping
Registering precompiled user dll's ...
Registered in 0.002618 seconds.
Begin MonoManager ReloadAssembly
Symbol file LoadedFromMemory doesn't match image D:\UnityProjects\SyntyLipSync\Library\PackageCache\com.unity.visualscripting@1.7.6\Editor\VisualScripting.Core\Dependencies\YamlDotNet\Unity.VisualScripting.YamlDotNet.dll
Symbol file LoadedFromMemory doesn't match image D:\UnityProjects\SyntyLipSync\Library\PackageCache\com.unity.visualscripting@1.7.6\Editor\VisualScripting.Core\Dependencies\DotNetZip\Unity.VisualScripting.IonicZip.dll
Native extension for WindowsStandalone target not found
Native extension for WebGL target not found
Refreshing native plugins compatible for Editor in 0.72 ms, found 3 plugins.
Preloading 0 native plugins for Editor in 0.00 ms.
Mono: successfully reloaded assembly
- Completed reload, in  0.861 seconds
Domain Reload Profiling:
	ReloadAssembly (862ms)
		BeginReloadAssembly (94ms)
			ExecutionOrderSort (0ms)
			DisableScriptedObjects (5ms)
			BackupInstance (0ms)
			ReleaseScriptingObjects (0ms)
			CreateAndSetChildDomain (18ms)
		EndReloadAssembly (684ms)
			LoadAssemblies (57ms)
			RebuildTransferFunctionScriptingTraits (0ms)
			SetupTypeCache (234ms)
			ReleaseScriptCaches (1ms)
			RebuildScriptCaches (45ms)
			SetupLoadedEditorAssemblies (309ms)
				LogAssemblyErrors (0ms)
				InitializePlatformSupportModulesInManaged (11ms)
				SetLoadedEditorAssemblies (0ms)
				RefreshPlugins (1ms)
				BeforeProcessingInitializeOnLoad (69ms)
				ProcessInitializeOnLoadAttributes (203ms)
				ProcessInitializeOnLoadMethodAttributes (20ms)
				AfterProcessingInitializeOnLoad (5ms)
				EditorAssembliesLoaded (0ms)
			ExecutionOrderSort2 (0ms)
			AwakeInstancesAfterBackupRestoration (5ms)
Platform modules already initialized, skipping
========================================================================
Worker process is ready to serve import requests
Launched and connected shader compiler UnityShaderCompiler.exe after 0.07 seconds
Refreshing native plugins compatible for Editor in 0.70 ms, found 3 plugins.
Preloading 0 native plugins for Editor in 0.00 ms.
Unloading 3218 Unused Serialized files (Serialized files now loaded: 0)
Unloading 26 unused Assets / (113.0 KB). Loaded Objects now: 3675.
Memory consumption went from 119.8 MB to 119.7 MB.
Total: 2.804600 ms (FindLiveObjects: 0.257800 ms CreateObjectMapping: 0.245300 ms MarkObjects: 2.195300 ms  DeleteObjects: 0.104500 ms)

AssetImportParameters requested are different than current active one (requested -> active):
  custom:video-decoder-ogg-theora: a1e56fd34408186e4bbccfd4996cb3dc -> 
  custom:container-muxer-webm: aa71ff27fc2769a1b78a27578f13a17b -> 
  custom:container-demuxer-webm: 4f35f7cbe854078d1ac9338744f61a02 -> 
  custom:video-encoder-webm-vp8: eb34c28f22e8b96e1ab97ce403110664 -> 
  custom:audio-encoder-webm-vorbis: bf7c407c2cedff20999df2af8eb42d56 -> 
  custom:framework-win-MediaFoundation: 216162199b28c13a410421893ffa2e32 -> 
  custom:container-demuxer-ogg: 62fdf1f143b41e24485cea50d1cbac27 -> 
  custom:video-decoder-webm-vp8: 9c59270c3fd7afecdb556c50c9e8de78 -> 
  custom:audio-decoder-ogg-vorbis: bf7c407c2cedff20999df2af8eb42d56 -> 
========================================================================
Received Import Request.
  Time since last request: 1291524.545092 seconds.
  path: Assets/PolygonKids/Prefabs/Characters/SM_Chr_Kid_Alien_01.prefab
  artifactKey: Guid(1c707acb0c61353498f5e086e6db198c) Importer(815301076,1909f56bfc062723c751e8b465ee728b)
Start importing Assets/PolygonKids/Prefabs/Characters/SM_Chr_Kid_Alien_01.prefab using Guid(1c707acb0c61353498f5e086e6db198c) Importer(815301076,1909f56bfc062723c751e8b465ee728b)  -> (artifact id: '57bc24ae15ce78fa8d582e4cc75e2f22') in 0.217592 seconds 
========================================================================
Received Import Request.
  Time since last request: 0.000024 seconds.
  path: Assets/PolygonKids/Prefabs/Characters/SM_Chr_Kid_Casual_04.prefab
  artifactKey: Guid(22fc382b6c8e58b42ab4e069c8565434) Importer(815301076,1909f56bfc062723c751e8b465ee728b)
Start importing Assets/PolygonKids/Prefabs/Characters/SM_Chr_Kid_Casual_04.prefab using Guid(22fc382b6c8e58b42ab4e069c8565434) Importer(815301076,1909f56bfc062723c751e8b465ee728b)  -> (artifact id: '9bc3b730d6866d12e628bdd5d37d1c97') in 0.286813 seconds 
========================================================================
Received Import Request.
  Time since last request: 0.000027 seconds.
  path: Assets/PolygonKids/Prefabs/Characters/SM_Chr_Kid_Exercise_01.prefab
  artifactKey: Guid(4b430b70672efda4a9507b4f3198ae05) Importer(815301076,1909f56bfc062723c751e8b465ee728b)
Start importing Assets/PolygonKids/Prefabs/Characters/SM_Chr_Kid_Exercise_01.prefab using Guid(4b430b70672efda4a9507b4f3198ae05) Importer(815301076,1909f56bfc062723c751e8b465ee728b)  -> (artifact id: '0d9a0e4de73809e7c7d30649a6b48b2f') in 0.147597 seconds 
========================================================================
Received Import Request.
  Time since last request: 0.000017 seconds.
  path: Assets/PolygonKids/Prefabs/Characters/SM_Chr_Kid_Cowboy_01.prefab
  artifactKey: Guid(cdb1428a694c29b4b985d30ce254ac37) Importer(815301076,1909f56bfc062723c751e8b465ee728b)
Start importing Assets/PolygonKids/Prefabs/Characters/SM_Chr_Kid_Cowboy_01.prefab using Guid(cdb1428a694c29b4b985d30ce254ac37) Importer(815301076,1909f56bfc062723c751e8b465ee728b)  -> (artifact id: 'd910006bd5eb9c6d442651c3d2ee139b') in 0.068405 seconds 
========================================================================
Received Import Request.
  Time since last request: 0.000023 seconds.
  path: Assets/PolygonKids/Prefabs/Characters/SM_Chr_Kid_Android_01.prefab
  artifactKey: Guid(2bf137eb5196c244f9adc50f8ae3f8ad) Importer(815301076,1909f56bfc062723c751e8b465ee728b)
Start importing Assets/PolygonKids/Prefabs/Characters/SM_Chr_Kid_Android_01.prefab using Guid(2bf137eb5196c244f9adc50f8ae3f8ad) Importer(815301076,1909f56bfc062723c751e8b465ee728b)  -> (artifact id: '0beb797d408cd7900fbb7b7f5566a398') in 0.073628 seconds 
========================================================================
Received Import Request.
  Time since last request: 0.000024 seconds.
  path: Assets/PolygonKids/Prefabs/Characters/SM_Chr_Kid_Goblin_01.prefab
  artifactKey: Guid(7b3fad47f3bcfaa48b25367b46c47a0a) Importer(815301076,1909f56bfc062723c751e8b465ee728b)
Start importing Assets/PolygonKids/Prefabs/Characters/SM_Chr_Kid_Goblin_01.prefab using Guid(7b3fad47f3bcfaa48b25367b46c47a0a) Importer(815301076,1909f56bfc062723c751e8b465ee728b)  -> (artifact id: '38fdec39b454c0c96da6f6c63fb1d153') in 0.066035 seconds 
========================================================================
Received Import Request.
  Time since last request: 0.000018 seconds.
  path: Assets/PolygonKids/Prefabs/Characters/SM_Chr_Kid_Overalls_Dress_01.prefab
  artifactKey: Guid(c3c92c0ba6e71634093c4ddd1316b158) Importer(815301076,1909f56bfc062723c751e8b465ee728b)
Start importing Assets/PolygonKids/Prefabs/Characters/SM_Chr_Kid_Overalls_Dress_01.prefab using Guid(c3c92c0ba6e71634093c4ddd1316b158) Importer(815301076,1909f56bfc062723c751e8b465ee728b)  -> (artifact id: 'd0ac62acb6aed021a7c415c092b26b88') in 0.065982 seconds 
========================================================================
Received Import Request.
  Time since last request: 0.000020 seconds.
  path: Assets/PolygonKids/Prefabs/Characters/SM_Chr_Kid_Cowboy_02.prefab
  artifactKey: Guid(0544e85d1750b4d41a19ac7583cdc59f) Importer(815301076,1909f56bfc062723c751e8b465ee728b)
Start importing Assets/PolygonKids/Prefabs/Characters/SM_Chr_Kid_Cowboy_02.prefab using Guid(0544e85d1750b4d41a19ac7583cdc59f) Importer(815301076,1909f56bfc062723c751e8b465ee728b)  -> (artifact id: 'b821d5acc39d228d312538877459a0e9') in 0.075175 seconds 
========================================================================
Received Import Request.
  Time since last request: 0.000027 seconds.
  path: Assets/PolygonKids/Prefabs/Characters/SM_Chr_Kid_Alien_02.prefab
  artifactKey: Guid(76a0f459fa9b85d45bd6cefd9991cab1) Importer(815301076,1909f56bfc062723c751e8b465ee728b)
Start importing Assets/PolygonKids/Prefabs/Characters/SM_Chr_Kid_Alien_02.prefab using Guid(76a0f459fa9b85d45bd6cefd9991cab1) Importer(815301076,1909f56bfc062723c751e8b465ee728b)  -> (artifact id: 'e591696d032c13d5f88c4214522d75b5') in 0.064982 seconds 
========================================================================
Received Import Request.
  Time since last request: 0.000025 seconds.
  path: Assets/PolygonKids/Prefabs/Characters/SM_Chr_Kid_Dress_01.prefab
  artifactKey: Guid(955df2ca30dabbb448e52a2eba1c3141) Importer(815301076,1909f56bfc062723c751e8b465ee728b)
Start importing Assets/PolygonKids/Prefabs/Characters/SM_Chr_Kid_Dress_01.prefab using Guid(955df2ca30dabbb448e52a2eba1c3141) Importer(815301076,1909f56bfc062723c751e8b465ee728b)  -> (artifact id: 'c07e8cad2a9ad023f25e0413fe657eb2') in 0.070006 seconds 
========================================================================
Received Import Request.
  Time since last request: 0.000020 seconds.
  path: Assets/PolygonKids/Prefabs/Characters/SM_Chr_Kid_Ballerina_01.prefab
  artifactKey: Guid(7a1cb3055d829e14fa8151d011acc1a3) Importer(815301076,1909f56bfc062723c751e8b465ee728b)
Start importing Assets/PolygonKids/Prefabs/Characters/SM_Chr_Kid_Ballerina_01.prefab using Guid(7a1cb3055d829e14fa8151d011acc1a3) Importer(815301076,1909f56bfc062723c751e8b465ee728b)  -> (artifact id: 'faf7a278ebc9cca03663473876ab34ae') in 0.075198 seconds 
========================================================================
Received Import Request.
  Time since last request: 0.000023 seconds.
  path: Assets/PolygonKids/Prefabs/Characters/SM_Chr_Kid_Goblin_02.prefab
  artifactKey: Guid(765e36e037037f54f93916933aad1e14) Importer(815301076,1909f56bfc062723c751e8b465ee728b)
Start importing Assets/PolygonKids/Prefabs/Characters/SM_Chr_Kid_Goblin_02.prefab using Guid(765e36e037037f54f93916933aad1e14) Importer(815301076,1909f56bfc062723c751e8b465ee728b)  -> (artifact id: '35543eee1485c677ba65be40490bcf4e') in 0.068766 seconds 
========================================================================
Received Import Request.
  Time since last request: 0.000023 seconds.
  path: Assets/PolygonKids/Prefabs/Characters/SM_Chr_Kid_Fat_01.prefab
  artifactKey: Guid(2917faa6ec17b6d4b9afee66c16cfde5) Importer(815301076,1909f56bfc062723c751e8b465ee728b)
Start importing Assets/PolygonKids/Prefabs/Characters/SM_Chr_Kid_Fat_01.prefab using Guid(2917faa6ec17b6d4b9afee66c16cfde5) Importer(815301076,1909f56bfc062723c751e8b465ee728b)  -> (artifact id: '245eb52f60f4f1b88297d6a64ac70313') in 0.077331 seconds 
========================================================================
Received Import Request.
  Time since last request: 0.000029 seconds.
  path: Assets/PolygonKids/Prefabs/Characters/SM_Chr_Kid_Hoodie_01.prefab
  artifactKey: Guid(978021aa257bb2a44ac7159d453ea2ef) Importer(815301076,1909f56bfc062723c751e8b465ee728b)
Start importing Assets/PolygonKids/Prefabs/Characters/SM_Chr_Kid_Hoodie_01.prefab using Guid(978021aa257bb2a44ac7159d453ea2ef) Importer(815301076,1909f56bfc062723c751e8b465ee728b)  -> (artifact id: 'ac2f40f4e72ad3f607ac40888407a872') in 0.069233 seconds 
========================================================================
Received Import Request.
  Time since last request: 0.000018 seconds.
  path: Assets/PolygonKids/Prefabs/Characters/SM_Chr_Kid_Onesie_Dino_01.prefab
  artifactKey: Guid(2b7b472609900ea4c97781de5b67d066) Importer(815301076,1909f56bfc062723c751e8b465ee728b)
Start importing Assets/PolygonKids/Prefabs/Characters/SM_Chr_Kid_Onesie_Dino_01.prefab using Guid(2b7b472609900ea4c97781de5b67d066) Importer(815301076,1909f56bfc062723c751e8b465ee728b)  -> (artifact id: '20535bc146f9daeea2acdda92d9046ff') in 0.072740 seconds 
========================================================================
Received Import Request.
  Time since last request: 0.000018 seconds.
  path: Assets/PolygonKids/Prefabs/Characters/SM_Chr_Kid_Overalls_01.prefab
  artifactKey: Guid(3e06c75b0612974489bf9b5b49050708) Importer(815301076,1909f56bfc062723c751e8b465ee728b)
Start importing Assets/PolygonKids/Prefabs/Characters/SM_Chr_Kid_Overalls_01.prefab using Guid(3e06c75b0612974489bf9b5b49050708) Importer(815301076,1909f56bfc062723c751e8b465ee728b)  -> (artifact id: '6ac04704ce11dbddc0cba463417525d9') in 0.069968 seconds 
========================================================================
Received Import Request.
  Time since last request: 0.000021 seconds.
  path: Assets/PolygonKids/Prefabs/Characters/SM_Chr_Kid_Knight_01.prefab
  artifactKey: Guid(d1ae99203e069534385820e63435a901) Importer(815301076,1909f56bfc062723c751e8b465ee728b)
Start importing Assets/PolygonKids/Prefabs/Characters/SM_Chr_Kid_Knight_01.prefab using Guid(d1ae99203e069534385820e63435a901) Importer(815301076,1909f56bfc062723c751e8b465ee728b)  -> (artifact id: '87a6555777947a1c63e4142f9a1d8943') in 0.064679 seconds 
========================================================================
Received Import Request.
  Time since last request: 0.000036 seconds.
  path: Assets/PolygonKids/Prefabs/Characters/SM_Chr_Kid_Cheerleader_01.prefab
  artifactKey: Guid(fc73c8930c4fafe42be2a7f41cc56c86) Importer(815301076,1909f56bfc062723c751e8b465ee728b)
Start importing Assets/PolygonKids/Prefabs/Characters/SM_Chr_Kid_Cheerleader_01.prefab using Guid(fc73c8930c4fafe42be2a7f41cc56c86) Importer(815301076,1909f56bfc062723c751e8b465ee728b)  -> (artifact id: '7589c12af722ee3d2f7669ac4a3efca3') in 0.065214 seconds 
========================================================================
Received Import Request.
  Time since last request: 0.000022 seconds.
  path: Assets/PolygonKids/Prefabs/Characters/SM_Chr_Kid_Maid_01.prefab
  artifactKey: Guid(53af2aac5fe24f74f823933dee97817a) Importer(815301076,1909f56bfc062723c751e8b465ee728b)
Start importing Assets/PolygonKids/Prefabs/Characters/SM_Chr_Kid_Maid_01.prefab using Guid(53af2aac5fe24f74f823933dee97817a) Importer(815301076,1909f56bfc062723c751e8b465ee728b)  -> (artifact id: 'a4637020eddab190f066e16c3a717abd') in 0.064484 seconds 
========================================================================
Received Import Request.
  Time since last request: 0.000024 seconds.
  path: Assets/PolygonKids/Prefabs/Characters/SM_Chr_Kid_Nerd_01.prefab
  artifactKey: Guid(b8abb364e3e83e940acab6c6f77b0686) Importer(815301076,1909f56bfc062723c751e8b465ee728b)
Start importing Assets/PolygonKids/Prefabs/Characters/SM_Chr_Kid_Nerd_01.prefab using Guid(b8abb364e3e83e940acab6c6f77b0686) Importer(815301076,1909f56bfc062723c751e8b465ee728b)  -> (artifact id: '3e92f9cf616ed8d2dcbae8f31a4d1c54') in 0.073714 seconds 
========================================================================
Received Import Request.
  Time since last request: 0.000023 seconds.
  path: Assets/PolygonKids/Prefabs/Characters/SM_Chr_Kid_Onesie_Cat_01.prefab
  artifactKey: Guid(4f53f298988d4d34281ec71d3062621f) Importer(815301076,1909f56bfc062723c751e8b465ee728b)
Start importing Assets/PolygonKids/Prefabs/Characters/SM_Chr_Kid_Onesie_Cat_01.prefab using Guid(4f53f298988d4d34281ec71d3062621f) Importer(815301076,1909f56bfc062723c751e8b465ee728b)  -> (artifact id: '546bb7cbd940a12f5009bf8b670fef28') in 0.068069 seconds 
========================================================================
Received Import Request.
  Time since last request: 0.000030 seconds.
  path: Assets/PolygonKids/Prefabs/Characters/SM_Chr_Kid_Elf_Warrior_01.prefab
  artifactKey: Guid(f9ce84aa58d97d34f82d2532587c60ee) Importer(815301076,1909f56bfc062723c751e8b465ee728b)
Start importing Assets/PolygonKids/Prefabs/Characters/SM_Chr_Kid_Elf_Warrior_01.prefab using Guid(f9ce84aa58d97d34f82d2532587c60ee) Importer(815301076,1909f56bfc062723c751e8b465ee728b)  -> (artifact id: 'a2c78b543aa4b81aaadcb339290da6a8') in 0.088811 seconds 
========================================================================
Received Import Request.
  Time since last request: 0.000034 seconds.
  path: Assets/PolygonKids/Prefabs/Characters/SM_Chr_Kid_Onesie_Bunny_01.prefab
  artifactKey: Guid(c240284069181b143bf9766d7f64bc3b) Importer(815301076,1909f56bfc062723c751e8b465ee728b)
Start importing Assets/PolygonKids/Prefabs/Characters/SM_Chr_Kid_Onesie_Bunny_01.prefab using Guid(c240284069181b143bf9766d7f64bc3b) Importer(815301076,1909f56bfc062723c751e8b465ee728b)  -> (artifact id: 'a0f4d9d0c2545e5dba3fd78ba1ce5663') in 0.080104 seconds 
========================================================================
Received Import Request.
  Time since last request: 0.000045 seconds.
  path: Assets/PolygonKids/Prefabs/Characters/SM_Chr_Kid_Farmer_01.prefab
  artifactKey: Guid(bc0333f84294b694abacccb0e6e8642f) Importer(815301076,1909f56bfc062723c751e8b465ee728b)
Start importing Assets/PolygonKids/Prefabs/Characters/SM_Chr_Kid_Farmer_01.prefab using Guid(bc0333f84294b694abacccb0e6e8642f) Importer(815301076,1909f56bfc062723c751e8b465ee728b)  -> (artifact id: '2fda2ae868ddcd774aabd41f238b34ba') in 0.099720 seconds 
========================================================================
Received Import Request.
  Time since last request: 30.382114 seconds.
  path: Assets/PolygonKids/Prefabs/Characters/SM_Chr_Kid_Pilot_01.prefab
  artifactKey: Guid(dee1dab7c558d9b438aaed586465b1c2) Importer(815301076,1909f56bfc062723c751e8b465ee728b)
Start importing Assets/PolygonKids/Prefabs/Characters/SM_Chr_Kid_Pilot_01.prefab using Guid(dee1dab7c558d9b438aaed586465b1c2) Importer(815301076,1909f56bfc062723c751e8b465ee728b)  -> (artifact id: 'dd299560231b8cc0e7a0becf76bf17ab') in 0.294248 seconds 
========================================================================
Received Import Request.
  Time since last request: 0.000045 seconds.
  path: Assets/PolygonKids/Prefabs/Characters/SM_Chr_Kid_PlaidShirt_01.prefab
  artifactKey: Guid(3cb952e3873c22749a64c18325b998d1) Importer(815301076,1909f56bfc062723c751e8b465ee728b)
Start importing Assets/PolygonKids/Prefabs/Characters/SM_Chr_Kid_PlaidShirt_01.prefab using Guid(3cb952e3873c22749a64c18325b998d1) Importer(815301076,1909f56bfc062723c751e8b465ee728b)  -> (artifact id: 'f03ea51b01f7a500e243b842d00fce5e') in 0.073117 seconds 
========================================================================
Received Import Request.
  Time since last request: 0.000041 seconds.
  path: Assets/PolygonKids/Prefabs/Characters/SM_Chr_Kid_Raincoat_01.prefab
  artifactKey: Guid(47dd70153cbab3b4a9a83de5a804375e) Importer(815301076,1909f56bfc062723c751e8b465ee728b)
Start importing Assets/PolygonKids/Prefabs/Characters/SM_Chr_Kid_Raincoat_01.prefab using Guid(47dd70153cbab3b4a9a83de5a804375e) Importer(815301076,1909f56bfc062723c751e8b465ee728b)  -> (artifact id: '85eed9a519513d6a3310312e72609db7') in 0.087884 seconds 
========================================================================
Received Import Request.
  Time since last request: 0.000042 seconds.
  path: Assets/PolygonKids/Prefabs/Characters/SM_Chr_Kid_Princess_01.prefab
  artifactKey: Guid(aaabe1fcdba5d3a49b0f40d4ce6bd68e) Importer(815301076,1909f56bfc062723c751e8b465ee728b)
Start importing Assets/PolygonKids/Prefabs/Characters/SM_Chr_Kid_Princess_01.prefab using Guid(aaabe1fcdba5d3a49b0f40d4ce6bd68e) Importer(815301076,1909f56bfc062723c751e8b465ee728b)  -> (artifact id: 'a463615f0b454e45767dd0db07f1b9d8') in 0.081668 seconds 
========================================================================
Received Import Request.
  Time since last request: 12.086314 seconds.
  path: Assets/PolygonKids/Prefabs/Characters/SM_Chr_Kid_Robot_01.prefab
  artifactKey: Guid(3c707eb0f9e783e4785a0d26f5fd045a) Importer(815301076,1909f56bfc062723c751e8b465ee728b)
Start importing Assets/PolygonKids/Prefabs/Characters/SM_Chr_Kid_Robot_01.prefab using Guid(3c707eb0f9e783e4785a0d26f5fd045a) Importer(815301076,1909f56bfc062723c751e8b465ee728b)  -> (artifact id: '4ffccd63189b27f3a3835915402f8ab1') in 0.275958 seconds 
========================================================================
Received Import Request.
  Time since last request: 0.000041 seconds.
  path: Assets/PolygonKids/Prefabs/Characters/SM_Chr_Kid_Scifi_Casual_01.prefab
  artifactKey: Guid(5f1d2014d16d4fb4887067c273a7777a) Importer(815301076,1909f56bfc062723c751e8b465ee728b)
Start importing Assets/PolygonKids/Prefabs/Characters/SM_Chr_Kid_Scifi_Casual_01.prefab using Guid(5f1d2014d16d4fb4887067c273a7777a) Importer(815301076,1909f56bfc062723c751e8b465ee728b)  -> (artifact id: '0c81d6e7ccb4b2f2e9c7fc8e1ec302ae') in 0.074196 seconds 
========================================================================
Received Import Request.
  Time since last request: 0.000026 seconds.
  path: Assets/PolygonKids/Prefabs/Characters/SM_Chr_Kid_Schoolgirl_01.prefab
  artifactKey: Guid(eff4ca23b00e4b548bd20a29500aa0d7) Importer(815301076,1909f56bfc062723c751e8b465ee728b)
Start importing Assets/PolygonKids/Prefabs/Characters/SM_Chr_Kid_Schoolgirl_01.prefab using Guid(eff4ca23b00e4b548bd20a29500aa0d7) Importer(815301076,1909f56bfc062723c751e8b465ee728b)  -> (artifact id: '9c4cca66c65b559a675ec5f980d7771d') in 0.103366 seconds 
========================================================================
Received Import Request.
  Time since last request: 0.000028 seconds.
  path: Assets/PolygonKids/Prefabs/Characters/SM_Chr_Kid_Samurai_01.prefab
  artifactKey: Guid(d699b1f055c98d74b924392dcfc4a790) Importer(815301076,1909f56bfc062723c751e8b465ee728b)
Start importing Assets/PolygonKids/Prefabs/Characters/SM_Chr_Kid_Samurai_01.prefab using Guid(d699b1f055c98d74b924392dcfc4a790) Importer(815301076,1909f56bfc062723c751e8b465ee728b)  -> (artifact id: '999f75cdbe224c6c638d71da5ef831e4') in 0.072743 seconds 
========================================================================
Received Import Request.
  Time since last request: 18.975915 seconds.
  path: Assets/PolygonKids/Prefabs/Characters/SM_Chr_Kid_Skeleton_01.prefab
  artifactKey: Guid(68705782759d92e4e83ed987d720a782) Importer(815301076,1909f56bfc062723c751e8b465ee728b)
Start importing Assets/PolygonKids/Prefabs/Characters/SM_Chr_Kid_Skeleton_01.prefab using Guid(68705782759d92e4e83ed987d720a782) Importer(815301076,1909f56bfc062723c751e8b465ee728b)  -> (artifact id: '3b9793bd6812b7e3d6790b2bb2524b4f') in 0.084852 seconds 
========================================================================
Received Import Request.
  Time since last request: 0.000024 seconds.
  path: Assets/PolygonKids/Prefabs/Characters/SM_Chr_Kid_Summer_01.prefab
  artifactKey: Guid(56b53b2c371eafc44931a31a3c03a04e) Importer(815301076,1909f56bfc062723c751e8b465ee728b)
Start importing Assets/PolygonKids/Prefabs/Characters/SM_Chr_Kid_Summer_01.prefab using Guid(56b53b2c371eafc44931a31a3c03a04e) Importer(815301076,1909f56bfc062723c751e8b465ee728b)  -> (artifact id: '687a564c87722337d0b2240b4fdc7481') in 0.078921 seconds 
========================================================================
Received Import Request.
  Time since last request: 0.000022 seconds.
  path: Assets/PolygonKids/Prefabs/Characters/SM_Chr_Kid_Sweater_01.prefab
  artifactKey: Guid(a0afacf4c25ed2b49b1acef8b5b1dacc) Importer(815301076,1909f56bfc062723c751e8b465ee728b)
Start importing Assets/PolygonKids/Prefabs/Characters/SM_Chr_Kid_Sweater_01.prefab using Guid(a0afacf4c25ed2b49b1acef8b5b1dacc) Importer(815301076,1909f56bfc062723c751e8b465ee728b)  -> (artifact id: 'eb9a9a555294c89f4313cd026485cd1a') in 0.076253 seconds 
========================================================================
Received Import Request.
  Time since last request: 0.000028 seconds.
  path: Assets/PolygonKids/Prefabs/Characters/SM_Chr_Kid_Superhero_01.prefab
  artifactKey: Guid(424d467819362a340b1aafa0418a004e) Importer(815301076,1909f56bfc062723c751e8b465ee728b)
Start importing Assets/PolygonKids/Prefabs/Characters/SM_Chr_Kid_Superhero_01.prefab using Guid(424d467819362a340b1aafa0418a004e) Importer(815301076,1909f56bfc062723c751e8b465ee728b)  -> (artifact id: 'c066d1a1a9f61e810d30e736598de800') in 0.082554 seconds 
========================================================================
Received Import Request.
  Time since last request: 0.000020 seconds.
  path: Assets/PolygonKids/Prefabs/Characters/SM_Chr_Kid_Sweater_02.prefab
  artifactKey: Guid(63d0ac722c5595b4b88b529588508f0c) Importer(815301076,1909f56bfc062723c751e8b465ee728b)
Start importing Assets/PolygonKids/Prefabs/Characters/SM_Chr_Kid_Sweater_02.prefab using Guid(63d0ac722c5595b4b88b529588508f0c) Importer(815301076,1909f56bfc062723c751e8b465ee728b)  -> (artifact id: '1d5898238751c7687518d990441af025') in 0.093128 seconds 
========================================================================
Received Import Request.
  Time since last request: 0.000033 seconds.
  path: Assets/PolygonKids/Prefabs/Characters/SM_Chr_Kid_WinterCoat_01.prefab
  artifactKey: Guid(daca506255509824985c0e764ea0e1c9) Importer(815301076,1909f56bfc062723c751e8b465ee728b)
Start importing Assets/PolygonKids/Prefabs/Characters/SM_Chr_Kid_WinterCoat_01.prefab using Guid(daca506255509824985c0e764ea0e1c9) Importer(815301076,1909f56bfc062723c751e8b465ee728b)  -> (artifact id: 'a545cbeaf2a974965ae9d12d94a00b75') in 0.079750 seconds 
========================================================================
Received Import Request.
  Time since last request: 0.000028 seconds.
  path: Assets/PolygonKids/Prefabs/Characters/SM_Chr_Kid_Viking_01.prefab
  artifactKey: Guid(05cc235f9e1b614479906d7c390ad853) Importer(815301076,1909f56bfc062723c751e8b465ee728b)
Start importing Assets/PolygonKids/Prefabs/Characters/SM_Chr_Kid_Viking_01.prefab using Guid(05cc235f9e1b614479906d7c390ad853) Importer(815301076,1909f56bfc062723c751e8b465ee728b)  -> (artifact id: '5c7697048db49957bb38397b3dd378b9') in 0.071758 seconds 
========================================================================
Received Import Request.
  Time since last request: 0.000030 seconds.
  path: Assets/PolygonKids/Prefabs/Characters/SM_Chr_Kid_Sweater_Dress_01.prefab
  artifactKey: Guid(73ad610a3b98cc647ade323f1d1fcba4) Importer(815301076,1909f56bfc062723c751e8b465ee728b)
Start importing Assets/PolygonKids/Prefabs/Characters/SM_Chr_Kid_Sweater_Dress_01.prefab using Guid(73ad610a3b98cc647ade323f1d1fcba4) Importer(815301076,1909f56bfc062723c751e8b465ee728b)  -> (artifact id: '3326b739f2fb5c292d21cb653bab35e7') in 0.077071 seconds 
========================================================================
Received Import Request.
  Time since last request: 23.148199 seconds.
  path: Assets/PolygonKids/Prefabs/Characters/SM_Chr_Kid_Zombie_01.prefab
  artifactKey: Guid(34880828ef629984ba948845f44406f4) Importer(815301076,1909f56bfc062723c751e8b465ee728b)
Start importing Assets/PolygonKids/Prefabs/Characters/SM_Chr_Kid_Zombie_01.prefab using Guid(34880828ef629984ba948845f44406f4) Importer(815301076,1909f56bfc062723c751e8b465ee728b)  -> (artifact id: '666a25b4ca028afef563ce70a9d44f50') in 0.085699 seconds 
========================================================================
Received Import Request.
  Time since last request: 0.000018 seconds.
  path: Assets/PolygonKids/Prefabs/Characters/SM_Chr_Kid_Zombie_02.prefab
  artifactKey: Guid(33e341256dd2780449a4a4323f7157e4) Importer(815301076,1909f56bfc062723c751e8b465ee728b)
Start importing Assets/PolygonKids/Prefabs/Characters/SM_Chr_Kid_Zombie_02.prefab using Guid(33e341256dd2780449a4a4323f7157e4) Importer(815301076,1909f56bfc062723c751e8b465ee728b)  -> (artifact id: 'd7b98044c9e37e0e052b453858cb6c0e') in 0.063110 seconds 
========================================================================
Received Import Request.
  Time since last request: 53.732574 seconds.
  path: Assets/PolygonKids/Prefabs/Attachments/SM_Chr_Attach_Badge_Heart_01.prefab
  artifactKey: Guid(53532e1219fcb6849a379f008ff79bad) Importer(815301076,1909f56bfc062723c751e8b465ee728b)
Start importing Assets/PolygonKids/Prefabs/Attachments/SM_Chr_Attach_Badge_Heart_01.prefab using Guid(53532e1219fcb6849a379f008ff79bad) Importer(815301076,1909f56bfc062723c751e8b465ee728b)  -> (artifact id: '5d74da5532fac937d98ae9994ff1c342') in 0.049039 seconds 
========================================================================
Received Import Request.
  Time since last request: 0.000073 seconds.
  path: Assets/PolygonKids/Prefabs/Attachments/SM_Chr_Attach_Holster_01.prefab
  artifactKey: Guid(c32345aa3f1738b4f903f21d3f772b98) Importer(815301076,1909f56bfc062723c751e8b465ee728b)
Start importing Assets/PolygonKids/Prefabs/Attachments/SM_Chr_Attach_Holster_01.prefab using Guid(c32345aa3f1738b4f903f21d3f772b98) Importer(815301076,1909f56bfc062723c751e8b465ee728b)  -> (artifact id: '0d2584afb58be1f39de5828b83d3e17f') in 0.049062 seconds 
========================================================================
Received Import Request.
  Time since last request: 0.000022 seconds.
  path: Assets/PolygonKids/Prefabs/Attachments/SM_Chr_Attach_Pouch_01.prefab
  artifactKey: Guid(902fd9af24745934ab514c900c5f8c08) Importer(815301076,1909f56bfc062723c751e8b465ee728b)
Start importing Assets/PolygonKids/Prefabs/Attachments/SM_Chr_Attach_Pouch_01.prefab using Guid(902fd9af24745934ab514c900c5f8c08) Importer(815301076,1909f56bfc062723c751e8b465ee728b)  -> (artifact id: '03f47ba168d29368ab3a7ea3aaf33915') in 0.044609 seconds 
========================================================================
Received Import Request.
  Time since last request: 0.000021 seconds.
  path: Assets/PolygonKids/Prefabs/Attachments/SM_Chr_Attach_Flower_Large_01.prefab
  artifactKey: Guid(fabcd19959a1eae47ab1b6417f9fc2dc) Importer(815301076,1909f56bfc062723c751e8b465ee728b)
Start importing Assets/PolygonKids/Prefabs/Attachments/SM_Chr_Attach_Flower_Large_01.prefab using Guid(fabcd19959a1eae47ab1b6417f9fc2dc) Importer(815301076,1909f56bfc062723c751e8b465ee728b)  -> (artifact id: '00a310e969583f1f43f4b5013a3a84a6') in 0.046062 seconds 
========================================================================
Received Import Request.
  Time since last request: 0.000018 seconds.
  path: Assets/PolygonKids/Prefabs/Attachments/SM_Chr_Attach_Watch_01.prefab
  artifactKey: Guid(ea53a2b0749154642853f0fcca23da6f) Importer(815301076,1909f56bfc062723c751e8b465ee728b)
Start importing Assets/PolygonKids/Prefabs/Attachments/SM_Chr_Attach_Watch_01.prefab using Guid(ea53a2b0749154642853f0fcca23da6f) Importer(815301076,1909f56bfc062723c751e8b465ee728b)  -> (artifact id: 'c4a20ee3752ca64e5438af3dfd8bdde6') in 0.049052 seconds 
========================================================================
Received Import Request.
  Time since last request: 0.000023 seconds.
  path: Assets/PolygonKids/Prefabs/Attachments/SM_Chr_Attach_Badge_Pizza_01.prefab
  artifactKey: Guid(1912120dcf51ce143aa2a290e0ef719e) Importer(815301076,1909f56bfc062723c751e8b465ee728b)
Start importing Assets/PolygonKids/Prefabs/Attachments/SM_Chr_Attach_Badge_Pizza_01.prefab using Guid(1912120dcf51ce143aa2a290e0ef719e) Importer(815301076,1909f56bfc062723c751e8b465ee728b)  -> (artifact id: '03a58e1f2044c796f45fd656ba679a49') in 0.047253 seconds 
========================================================================
Received Import Request.
  Time since last request: 0.000017 seconds.
  path: Assets/PolygonKids/Prefabs/Attachments/SM_Chr_Attach_Swimming_Floaties_02.prefab
  artifactKey: Guid(8867a21b173cf3c49b4562390bf9a49a) Importer(815301076,1909f56bfc062723c751e8b465ee728b)
Start importing Assets/PolygonKids/Prefabs/Attachments/SM_Chr_Attach_Swimming_Floaties_02.prefab using Guid(8867a21b173cf3c49b4562390bf9a49a) Importer(815301076,1909f56bfc062723c751e8b465ee728b)  -> (artifact id: 'f037015749a9c2ff96aace72746b5d3c') in 0.035438 seconds 
========================================================================
Received Import Request.
  Time since last request: 0.000031 seconds.
  path: Assets/PolygonKids/Prefabs/Attachments/SM_Chr_Attach_Magician_Wand_01.prefab
  artifactKey: Guid(150d196c4f1c11e42898d20fdc18b1bf) Importer(815301076,1909f56bfc062723c751e8b465ee728b)
Start importing Assets/PolygonKids/Prefabs/Attachments/SM_Chr_Attach_Magician_Wand_01.prefab using Guid(150d196c4f1c11e42898d20fdc18b1bf) Importer(815301076,1909f56bfc062723c751e8b465ee728b)  -> (artifact id: 'b20f37f8dc5e99fecf5fc07beac12b48') in 0.029536 seconds 
========================================================================
Received Import Request.
  Time since last request: 0.000021 seconds.
  path: Assets/PolygonKids/Prefabs/Attachments/SM_Chr_Attach_Pouch_03.prefab
  artifactKey: Guid(115a08bc15f28804fb998ea8d4bb73c6) Importer(815301076,1909f56bfc062723c751e8b465ee728b)
Start importing Assets/PolygonKids/Prefabs/Attachments/SM_Chr_Attach_Pouch_03.prefab using Guid(115a08bc15f28804fb998ea8d4bb73c6) Importer(815301076,1909f56bfc062723c751e8b465ee728b)  -> (artifact id: 'be3e66b64bced2baed1f335345fd5d93') in 0.027659 seconds 
========================================================================
Received Import Request.
  Time since last request: 0.000016 seconds.
  path: Assets/PolygonKids/Prefabs/Attachments/SM_Chr_Attach_Tail_Bunny_01.prefab
  artifactKey: Guid(f18d79632d7f9ec45bfe7db06ae7b3a3) Importer(815301076,1909f56bfc062723c751e8b465ee728b)
Start importing Assets/PolygonKids/Prefabs/Attachments/SM_Chr_Attach_Tail_Bunny_01.prefab using Guid(f18d79632d7f9ec45bfe7db06ae7b3a3) Importer(815301076,1909f56bfc062723c751e8b465ee728b)  -> (artifact id: '675e5364f68542c47cf8008304b3cf40') in 0.032215 seconds 
========================================================================
Received Import Request.
  Time since last request: 0.000018 seconds.
  path: Assets/PolygonKids/Prefabs/Attachments/SM_Chr_Attach_Tail_Werewolf_01.prefab
  artifactKey: Guid(f04c37cacd6f32b49a44fe5fdb016870) Importer(815301076,1909f56bfc062723c751e8b465ee728b)
Start importing Assets/PolygonKids/Prefabs/Attachments/SM_Chr_Attach_Tail_Werewolf_01.prefab using Guid(f04c37cacd6f32b49a44fe5fdb016870) Importer(815301076,1909f56bfc062723c751e8b465ee728b)  -> (artifact id: '71be17c68470b073978e37c741463920') in 0.030313 seconds 
========================================================================
Received Import Request.
  Time since last request: 4.508312 seconds.
  path: Assets/PolygonKids/Prefabs/Characters/Babies/SM_Chr_Baby_Demon_01.prefab
  artifactKey: Guid(8755028b0dc6f1d48853e290f04a62f1) Importer(815301076,1909f56bfc062723c751e8b465ee728b)
Start importing Assets/PolygonKids/Prefabs/Characters/Babies/SM_Chr_Baby_Demon_01.prefab using Guid(8755028b0dc6f1d48853e290f04a62f1) Importer(815301076,1909f56bfc062723c751e8b465ee728b)  -> (artifact id: '8d3d4f1e7314db128cd5e7bd34b57696') in 0.031435 seconds 
========================================================================
Received Import Request.
  Time since last request: 0.000029 seconds.
  path: Assets/PolygonKids/Prefabs/Characters/Babies/SM_Chr_Baby_Troll_01.prefab
  artifactKey: Guid(3c7d196494ae21e4199e32fe0d4540ac) Importer(815301076,1909f56bfc062723c751e8b465ee728b)
Start importing Assets/PolygonKids/Prefabs/Characters/Babies/SM_Chr_Baby_Troll_01.prefab using Guid(3c7d196494ae21e4199e32fe0d4540ac) Importer(815301076,1909f56bfc062723c751e8b465ee728b)  -> (artifact id: '9b5906d643ec629caf73c9686761c4c2') in 0.036887 seconds 
========================================================================
Received Import Request.
  Time since last request: 0.000032 seconds.
  path: Assets/PolygonKids/Prefabs/Characters/Babies/SM_Chr_Baby_Human_01.prefab
  artifactKey: Guid(508a7d06f9e567342912efd6c8b8b5c9) Importer(815301076,1909f56bfc062723c751e8b465ee728b)
Start importing Assets/PolygonKids/Prefabs/Characters/Babies/SM_Chr_Baby_Human_01.prefab using Guid(508a7d06f9e567342912efd6c8b8b5c9) Importer(815301076,1909f56bfc062723c751e8b465ee728b)  -> (artifact id: '43e94a26cf15f4548bd0e5a92a90891f') in 0.036214 seconds 
========================================================================
Received Import Request.
  Time since last request: 0.000022 seconds.
  path: Assets/PolygonKids/Prefabs/Characters/Babies/SM_Chr_Baby_Goblin_01.prefab
  artifactKey: Guid(af71e46093d11dc4fb4f6c675b0fbc9a) Importer(815301076,1909f56bfc062723c751e8b465ee728b)
Start importing Assets/PolygonKids/Prefabs/Characters/Babies/SM_Chr_Baby_Goblin_01.prefab using Guid(af71e46093d11dc4fb4f6c675b0fbc9a) Importer(815301076,1909f56bfc062723c751e8b465ee728b)  -> (artifact id: '5f95a851c8bec98e8db491d6aa28d627') in 0.032238 seconds 
========================================================================
Received Import Request.
  Time since last request: 0.000024 seconds.
  path: Assets/PolygonKids/Prefabs/Characters/Babies/SM_Chr_Baby_Pig_01.prefab
  artifactKey: Guid(3e83c525336f10e438f7ced427f5eb60) Importer(815301076,1909f56bfc062723c751e8b465ee728b)
Start importing Assets/PolygonKids/Prefabs/Characters/Babies/SM_Chr_Baby_Pig_01.prefab using Guid(3e83c525336f10e438f7ced427f5eb60) Importer(815301076,1909f56bfc062723c751e8b465ee728b)  -> (artifact id: '5bb5b501df22c5730e38412762bfb329') in 0.035064 seconds 
========================================================================
Received Import Request.
  Time since last request: 0.000024 seconds.
  path: Assets/PolygonKids/Prefabs/Characters/Babies/SM_Chr_Kid_Ballerina_01.prefab
  artifactKey: Guid(b4855fb8340cea541bb8db511a0e5f2b) Importer(815301076,1909f56bfc062723c751e8b465ee728b)
Start importing Assets/PolygonKids/Prefabs/Characters/Babies/SM_Chr_Kid_Ballerina_01.prefab using Guid(b4855fb8340cea541bb8db511a0e5f2b) Importer(815301076,1909f56bfc062723c751e8b465ee728b)  -> (artifact id: 'a47410ee071ab4b6930196346171eabd') in 0.065038 seconds 
========================================================================
Received Import Request.
  Time since last request: 1.868891 seconds.
  path: Assets/PolygonKids/Prefabs/Environment/SM_Env_Gazebo_01.prefab
  artifactKey: Guid(c88c0aab12c8ddc489a4b8648bfc3d56) Importer(815301076,1909f56bfc062723c751e8b465ee728b)
Start importing Assets/PolygonKids/Prefabs/Environment/SM_Env_Gazebo_01.prefab using Guid(c88c0aab12c8ddc489a4b8648bfc3d56) Importer(815301076,1909f56bfc062723c751e8b465ee728b)  -> (artifact id: '9660237e242071368b8922c9ac747e8a') in 0.032908 seconds 
========================================================================
Received Import Request.
  Time since last request: 0.000020 seconds.
  path: Assets/PolygonKids/Prefabs/Environment/SM_Env_Lilly_01.prefab
  artifactKey: Guid(55d89f241522cd44aa281dbe3a9f33a0) Importer(815301076,1909f56bfc062723c751e8b465ee728b)
Start importing Assets/PolygonKids/Prefabs/Environment/SM_Env_Lilly_01.prefab using Guid(55d89f241522cd44aa281dbe3a9f33a0) Importer(815301076,1909f56bfc062723c751e8b465ee728b)  -> (artifact id: '7fcbee2f81d0dd5177d46319248fc4a2') in 0.032207 seconds 
========================================================================
Received Import Request.
  Time since last request: 0.000022 seconds.
  path: Assets/PolygonKids/Prefabs/Environment/SM_Env_Park_Flower_02.prefab
  artifactKey: Guid(107f660984d4edc41a30bbdf4f63da05) Importer(815301076,1909f56bfc062723c751e8b465ee728b)
Start importing Assets/PolygonKids/Prefabs/Environment/SM_Env_Park_Flower_02.prefab using Guid(107f660984d4edc41a30bbdf4f63da05) Importer(815301076,1909f56bfc062723c751e8b465ee728b)  -> (artifact id: '670501caf04c702273be8f0c0efdb0dc') in 0.031413 seconds 
========================================================================
Received Import Request.
  Time since last request: 0.000017 seconds.
  path: Assets/PolygonKids/Prefabs/Environment/SM_Env_SkatePark_Rail_Box_02.prefab
  artifactKey: Guid(ec35232d1b217b7439a49350f2b885ad) Importer(815301076,1909f56bfc062723c751e8b465ee728b)
Start importing Assets/PolygonKids/Prefabs/Environment/SM_Env_SkatePark_Rail_Box_02.prefab using Guid(ec35232d1b217b7439a49350f2b885ad) Importer(815301076,1909f56bfc062723c751e8b465ee728b)  -> (artifact id: '0ce88c3972cbd83c620994ab0a21ab4e') in 0.028843 seconds 
========================================================================
Received Import Request.
  Time since last request: 0.000027 seconds.
  path: Assets/PolygonKids/Prefabs/Environment/SM_Env_Ground_Tile_Rubber_01.prefab
  artifactKey: Guid(d9db8a4d5b919514686e1c4e0b918617) Importer(815301076,1909f56bfc062723c751e8b465ee728b)
Start importing Assets/PolygonKids/Prefabs/Environment/SM_Env_Ground_Tile_Rubber_01.prefab using Guid(d9db8a4d5b919514686e1c4e0b918617) Importer(815301076,1909f56bfc062723c751e8b465ee728b)  -> (artifact id: '9e3ab3849897c78a2ef5acc77c1ba86d') in 0.031385 seconds 
========================================================================
Received Import Request.
  Time since last request: 0.000019 seconds.
  path: Assets/PolygonKids/Prefabs/Environment/SM_Env_Path_Round_01.prefab
  artifactKey: Guid(ba4082e69776a794b9df660ca26f3c1f) Importer(815301076,1909f56bfc062723c751e8b465ee728b)
Start importing Assets/PolygonKids/Prefabs/Environment/SM_Env_Path_Round_01.prefab using Guid(ba4082e69776a794b9df660ca26f3c1f) Importer(815301076,1909f56bfc062723c751e8b465ee728b)  -> (artifact id: '9b5c12d9d8abcdfe2245b4ab2578ee96') in 0.028990 seconds 
========================================================================
Received Import Request.
  Time since last request: 0.000030 seconds.
  path: Assets/PolygonKids/Prefabs/Environment/SM_Env_Playground_Edge_L_01.prefab
  artifactKey: Guid(76cd7b828cd39524da37db37025c59bc) Importer(815301076,1909f56bfc062723c751e8b465ee728b)
Start importing Assets/PolygonKids/Prefabs/Environment/SM_Env_Playground_Edge_L_01.prefab using Guid(76cd7b828cd39524da37db37025c59bc) Importer(815301076,1909f56bfc062723c751e8b465ee728b)  -> (artifact id: 'f49a838b62820d418068f3918d8acfb7') in 0.027151 seconds 
========================================================================
Received Import Request.
  Time since last request: 0.000017 seconds.
  path: Assets/PolygonKids/Prefabs/Environment/SM_Env_Park_Pond_Rocks_01.prefab
  artifactKey: Guid(b226c20911168cf41963b8886891761c) Importer(815301076,1909f56bfc062723c751e8b465ee728b)
Start importing Assets/PolygonKids/Prefabs/Environment/SM_Env_Park_Pond_Rocks_01.prefab using Guid(b226c20911168cf41963b8886891761c) Importer(815301076,1909f56bfc062723c751e8b465ee728b)  -> (artifact id: '2e7fce993b0a7df6a8e5233a24f8bc0a') in 0.028634 seconds 
========================================================================
Received Import Request.
  Time since last request: 0.000066 seconds.
  path: Assets/PolygonKids/Prefabs/Environment/SM_Env_Park_Pond_Water_01.prefab
  artifactKey: Guid(f3a29987e4ce85348b69f92d93c37d2d) Importer(815301076,1909f56bfc062723c751e8b465ee728b)
Start importing Assets/PolygonKids/Prefabs/Environment/SM_Env_Park_Pond_Water_01.prefab using Guid(f3a29987e4ce85348b69f92d93c37d2d) Importer(815301076,1909f56bfc062723c751e8b465ee728b)  -> (artifact id: '8834a68895988f38c09ecb72e67e1e06') in 0.028456 seconds 
========================================================================
Received Import Request.
  Time since last request: 0.000021 seconds.
  path: Assets/PolygonKids/Prefabs/Environment/SM_Env_Ground_Round_Grass_02.prefab
  artifactKey: Guid(dd836bcbcc9515b438b56bc33c4e5840) Importer(815301076,1909f56bfc062723c751e8b465ee728b)
Start importing Assets/PolygonKids/Prefabs/Environment/SM_Env_Ground_Round_Grass_02.prefab using Guid(dd836bcbcc9515b438b56bc33c4e5840) Importer(815301076,1909f56bfc062723c751e8b465ee728b)  -> (artifact id: '0e6ff63f9211a8dc6d337e2b71402dd1') in 0.032211 seconds 
========================================================================
Received Import Request.
  Time since last request: 0.000029 seconds.
  path: Assets/PolygonKids/Prefabs/Environment/SM_Env_SkatePark_Rail_Box_01.prefab
  artifactKey: Guid(c3e2611498fc26d4c8ba53f9a2a6e059) Importer(815301076,1909f56bfc062723c751e8b465ee728b)
Start importing Assets/PolygonKids/Prefabs/Environment/SM_Env_SkatePark_Rail_Box_01.prefab using Guid(c3e2611498fc26d4c8ba53f9a2a6e059) Importer(815301076,1909f56bfc062723c751e8b465ee728b)  -> (artifact id: 'af7f92b25c7fde96e69508588401828d') in 0.028279 seconds 
========================================================================
Received Import Request.
  Time since last request: 0.000018 seconds.
  path: Assets/PolygonKids/Prefabs/Environment/SM_Env_Ground_Tile_Bark_01.prefab
  artifactKey: Guid(85421ab86f5500d45988535a28f3bf9c) Importer(815301076,1909f56bfc062723c751e8b465ee728b)
Start importing Assets/PolygonKids/Prefabs/Environment/SM_Env_Ground_Tile_Bark_01.prefab using Guid(85421ab86f5500d45988535a28f3bf9c) Importer(815301076,1909f56bfc062723c751e8b465ee728b)  -> (artifact id: '66eabd6c6d2822f6394567d2214ad165') in 0.028175 seconds 
========================================================================
Received Import Request.
  Time since last request: 0.000026 seconds.
  path: Assets/PolygonKids/Prefabs/Environment/SM_Env_Park_Pond_Rocks_03.prefab
  artifactKey: Guid(aec8f81469a7b144999a352ca3b88959) Importer(815301076,1909f56bfc062723c751e8b465ee728b)
Start importing Assets/PolygonKids/Prefabs/Environment/SM_Env_Park_Pond_Rocks_03.prefab using Guid(aec8f81469a7b144999a352ca3b88959) Importer(815301076,1909f56bfc062723c751e8b465ee728b)  -> (artifact id: '231718a7382eae8c537c6d79cd0d7c50') in 0.030903 seconds 
========================================================================
Received Import Request.
  Time since last request: 0.000029 seconds.
  path: Assets/PolygonKids/Prefabs/Environment/SM_Env_SkatePark_Angled_Jump_01.prefab
  artifactKey: Guid(20b0b83db59252e45927212d350f40c6) Importer(815301076,1909f56bfc062723c751e8b465ee728b)
Start importing Assets/PolygonKids/Prefabs/Environment/SM_Env_SkatePark_Angled_Jump_01.prefab using Guid(20b0b83db59252e45927212d350f40c6) Importer(815301076,1909f56bfc062723c751e8b465ee728b)  -> (artifact id: 'f2b2d965481e44628c0e61937ed6f546') in 0.028248 seconds 
========================================================================
Received Import Request.
  Time since last request: 0.000030 seconds.
  path: Assets/PolygonKids/Prefabs/Environment/SM_Env_Ground_Round_Pond_01.prefab
  artifactKey: Guid(706419b4b72d93d4e8bdcb451fb80cbd) Importer(815301076,1909f56bfc062723c751e8b465ee728b)
Start importing Assets/PolygonKids/Prefabs/Environment/SM_Env_Ground_Round_Pond_01.prefab using Guid(706419b4b72d93d4e8bdcb451fb80cbd) Importer(815301076,1909f56bfc062723c751e8b465ee728b)  -> (artifact id: '227cc92137195c04bd5eadb368fd35c0') in 0.029763 seconds 
========================================================================
Received Import Request.
  Time since last request: 0.000032 seconds.
  path: Assets/PolygonKids/Prefabs/Environment/SM_Env_Park_Table_01.prefab
  artifactKey: Guid(175cd19cfcd5fe84790366371d6573fe) Importer(815301076,1909f56bfc062723c751e8b465ee728b)
Start importing Assets/PolygonKids/Prefabs/Environment/SM_Env_Park_Table_01.prefab using Guid(175cd19cfcd5fe84790366371d6573fe) Importer(815301076,1909f56bfc062723c751e8b465ee728b)  -> (artifact id: '4038c1046c32ee3c423b047704b494c2') in 0.031261 seconds 
========================================================================
Received Import Request.
  Time since last request: 0.000019 seconds.
  path: Assets/PolygonKids/Prefabs/Environment/SM_Env_Playground_Edge_01.prefab
  artifactKey: Guid(a793b0b8c9b556342bf23d5264915056) Importer(815301076,1909f56bfc062723c751e8b465ee728b)
Start importing Assets/PolygonKids/Prefabs/Environment/SM_Env_Playground_Edge_01.prefab using Guid(a793b0b8c9b556342bf23d5264915056) Importer(815301076,1909f56bfc062723c751e8b465ee728b)  -> (artifact id: '1abceba45da8c74c591366b6993fd415') in 0.029357 seconds 
========================================================================
Received Import Request.
  Time since last request: 0.000029 seconds.
  path: Assets/PolygonKids/Prefabs/Environment/SM_Env_Park_Fence_01.prefab
  artifactKey: Guid(a5ab17f94098e97449dce97c9a7a5186) Importer(815301076,1909f56bfc062723c751e8b465ee728b)
Start importing Assets/PolygonKids/Prefabs/Environment/SM_Env_Park_Fence_01.prefab using Guid(a5ab17f94098e97449dce97c9a7a5186) Importer(815301076,1909f56bfc062723c751e8b465ee728b)  -> (artifact id: 'ee7c0b0e4c9e2c0ba4b9c27f66cef97a') in 0.033552 seconds 
========================================================================
Received Import Request.
  Time since last request: 0.000019 seconds.
  path: Assets/PolygonKids/Prefabs/Environment/SM_Env_SkatePark_Rail_Ramp_01.prefab
  artifactKey: Guid(1eab1e9d3e0ce7349a6df6bf3324f387) Importer(815301076,1909f56bfc062723c751e8b465ee728b)
Start importing Assets/PolygonKids/Prefabs/Environment/SM_Env_SkatePark_Rail_Ramp_01.prefab using Guid(1eab1e9d3e0ce7349a6df6bf3324f387) Importer(815301076,1909f56bfc062723c751e8b465ee728b)  -> (artifact id: '10ef6ee87f18f392a46a89f750caadf9') in 0.031125 seconds 
========================================================================
Received Import Request.
  Time since last request: 0.000027 seconds.
  path: Assets/PolygonKids/Prefabs/Environment/SM_Env_SkatePark_Stairs_01.prefab
  artifactKey: Guid(0acf03d6bfff02b4993d663fc6b138cf) Importer(815301076,1909f56bfc062723c751e8b465ee728b)
Start importing Assets/PolygonKids/Prefabs/Environment/SM_Env_SkatePark_Stairs_01.prefab using Guid(0acf03d6bfff02b4993d663fc6b138cf) Importer(815301076,1909f56bfc062723c751e8b465ee728b)  -> (artifact id: 'dbc440a3a0d1a89950d42e18f647cfee') in 0.028706 seconds 
========================================================================
Received Import Request.
  Time since last request: 0.000023 seconds.
  path: Assets/PolygonKids/Prefabs/Environment/SM_Env_SkatePark_Rail_Straight_02.prefab
  artifactKey: Guid(60182bb6c284eef46ba497910af27c0d) Importer(815301076,1909f56bfc062723c751e8b465ee728b)
Start importing Assets/PolygonKids/Prefabs/Environment/SM_Env_SkatePark_Rail_Straight_02.prefab using Guid(60182bb6c284eef46ba497910af27c0d) Importer(815301076,1909f56bfc062723c751e8b465ee728b)  -> (artifact id: 'b7a4801653c195d28683b2413dbd326b') in 0.030278 seconds 
========================================================================
Received Import Request.
  Time since last request: 0.000028 seconds.
  path: Assets/PolygonKids/Prefabs/Environment/SM_Env_SkatePark_Ramp_01.prefab
  artifactKey: Guid(8504a211ce4d88b43a3fffc49b09f3c5) Importer(815301076,1909f56bfc062723c751e8b465ee728b)
Start importing Assets/PolygonKids/Prefabs/Environment/SM_Env_SkatePark_Ramp_01.prefab using Guid(8504a211ce4d88b43a3fffc49b09f3c5) Importer(815301076,1909f56bfc062723c751e8b465ee728b)  -> (artifact id: 'd3610f9c07f83dd6cdf3b8bdc1aee901') in 0.030041 seconds 
========================================================================
Received Import Request.
  Time since last request: 1.240361 seconds.
  path: Assets/PolygonKids/Prefabs/Generic/SM_Generic_Cloud_03.prefab
  artifactKey: Guid(df5fbc7eba9d33143835aeefca45f1dc) Importer(815301076,1909f56bfc062723c751e8b465ee728b)
Start importing Assets/PolygonKids/Prefabs/Generic/SM_Generic_Cloud_03.prefab using Guid(df5fbc7eba9d33143835aeefca45f1dc) Importer(815301076,1909f56bfc062723c751e8b465ee728b)  -> (artifact id: '75c59b7fd68609804bc443965944705d') in 0.045410 seconds 
========================================================================
Received Import Request.
  Time since last request: 0.000017 seconds.
  path: Assets/PolygonKids/Prefabs/Generic/SM_Generic_Tree_04.prefab
  artifactKey: Guid(2339977635d456143b3a82d62c890da7) Importer(815301076,1909f56bfc062723c751e8b465ee728b)
Start importing Assets/PolygonKids/Prefabs/Generic/SM_Generic_Tree_04.prefab using Guid(2339977635d456143b3a82d62c890da7) Importer(815301076,1909f56bfc062723c751e8b465ee728b)  -> (artifact id: '54bcbd2437d2dbf573fb3802447ce46f') in 0.047549 seconds 
========================================================================
Received Import Request.
  Time since last request: 0.000023 seconds.
  path: Assets/PolygonKids/Prefabs/Generic/SM_Generic_Tree_02.prefab
  artifactKey: Guid(4f2bb2b9663823645a1ff761c691cec6) Importer(815301076,1909f56bfc062723c751e8b465ee728b)
Start importing Assets/PolygonKids/Prefabs/Generic/SM_Generic_Tree_02.prefab using Guid(4f2bb2b9663823645a1ff761c691cec6) Importer(815301076,1909f56bfc062723c751e8b465ee728b)  -> (artifact id: 'ca5751ee4bc442243910f30238cacb14') in 0.036752 seconds 
========================================================================
Received Import Request.
  Time since last request: 0.000022 seconds.
  path: Assets/PolygonKids/Prefabs/Generic/SM_Generic_Small_Rocks_02.prefab
  artifactKey: Guid(19a46ee70971c85499fe4c41b7cc125e) Importer(815301076,1909f56bfc062723c751e8b465ee728b)
Start importing Assets/PolygonKids/Prefabs/Generic/SM_Generic_Small_Rocks_02.prefab using Guid(19a46ee70971c85499fe4c41b7cc125e) Importer(815301076,1909f56bfc062723c751e8b465ee728b)  -> (artifact id: '589c42a42e504b761e61f31566c2f94c') in 0.033044 seconds 
========================================================================
Received Import Request.
  Time since last request: 0.000023 seconds.
  path: Assets/PolygonKids/Prefabs/Generic/SM_Generic_Grass_Patch_01.prefab
  artifactKey: Guid(a6537feadc9affa43a4bb30563b9ddf0) Importer(815301076,1909f56bfc062723c751e8b465ee728b)
Start importing Assets/PolygonKids/Prefabs/Generic/SM_Generic_Grass_Patch_01.prefab using Guid(a6537feadc9affa43a4bb30563b9ddf0) Importer(815301076,1909f56bfc062723c751e8b465ee728b)  -> (artifact id: '63dd53d81c15c978f87029e67b760c60') in 0.031717 seconds 
========================================================================
Received Import Request.
  Time since last request: 0.000026 seconds.
  path: Assets/PolygonKids/Prefabs/Generic/SM_Generic_Grass_Patch_02.prefab
  artifactKey: Guid(f5c28b7d1b5a6f74cb6b0460dbf26e8f) Importer(815301076,1909f56bfc062723c751e8b465ee728b)
Start importing Assets/PolygonKids/Prefabs/Generic/SM_Generic_Grass_Patch_02.prefab using Guid(f5c28b7d1b5a6f74cb6b0460dbf26e8f) Importer(815301076,1909f56bfc062723c751e8b465ee728b)  -> (artifact id: 'b021fe51058c323f85f5daab8006e5d0') in 0.033606 seconds 
========================================================================
Received Import Request.
  Time since last request: 0.000044 seconds.
  path: Assets/PolygonKids/Prefabs/Generic/SM_Generic_TreeStump_01.prefab
  artifactKey: Guid(d0a7edde1925b4840a6088ba5ab98c66) Importer(815301076,1909f56bfc062723c751e8b465ee728b)
Start importing Assets/PolygonKids/Prefabs/Generic/SM_Generic_TreeStump_01.prefab using Guid(d0a7edde1925b4840a6088ba5ab98c66) Importer(815301076,1909f56bfc062723c751e8b465ee728b)  -> (artifact id: '0e62fa14c6a016755cf45b51e07548f2') in 0.029983 seconds 
========================================================================
Received Import Request.
  Time since last request: 1.443175 seconds.
  path: Assets/PolygonKids/Prefabs/Props/SM_Prop_Adornment_02.prefab
  artifactKey: Guid(42af903665dbfcc43b470ed76edf9adc) Importer(815301076,1909f56bfc062723c751e8b465ee728b)
Start importing Assets/PolygonKids/Prefabs/Props/SM_Prop_Adornment_02.prefab using Guid(42af903665dbfcc43b470ed76edf9adc) Importer(815301076,1909f56bfc062723c751e8b465ee728b)  -> (artifact id: '014f11286c1e113b3302be1e5191c7eb') in 0.028152 seconds 
========================================================================
Received Import Request.
  Time since last request: 0.000068 seconds.
  path: Assets/PolygonKids/Prefabs/Props/SM_Prop_Cake_01.prefab
  artifactKey: Guid(5d95fbee3359c9442b04ba471f994c87) Importer(815301076,1909f56bfc062723c751e8b465ee728b)
Start importing Assets/PolygonKids/Prefabs/Props/SM_Prop_Cake_01.prefab using Guid(5d95fbee3359c9442b04ba471f994c87) Importer(815301076,1909f56bfc062723c751e8b465ee728b)  -> (artifact id: 'adb0ddaf8be26e7022241992b26cce14') in 0.035991 seconds 
========================================================================
Received Import Request.
  Time since last request: 0.000021 seconds.
  path: Assets/PolygonKids/Prefabs/Props/SM_Prop_Blanket_Fort_01.prefab
  artifactKey: Guid(b2c0d46df3c3ab64182f8539aeed50c5) Importer(815301076,1909f56bfc062723c751e8b465ee728b)
Start importing Assets/PolygonKids/Prefabs/Props/SM_Prop_Blanket_Fort_01.prefab using Guid(b2c0d46df3c3ab64182f8539aeed50c5) Importer(815301076,1909f56bfc062723c751e8b465ee728b)  -> (artifact id: 'eb03456dbc2b5b1ec9becc80922b4195') in 0.032317 seconds 
========================================================================
Received Import Request.
  Time since last request: 0.000021 seconds.
  path: Assets/PolygonKids/Prefabs/Props/SM_Prop_Bug_Catcher_01.prefab
  artifactKey: Guid(f18246e7355f0704bbdeb14aadb021b6) Importer(815301076,1909f56bfc062723c751e8b465ee728b)
Start importing Assets/PolygonKids/Prefabs/Props/SM_Prop_Bug_Catcher_01.prefab using Guid(f18246e7355f0704bbdeb14aadb021b6) Importer(815301076,1909f56bfc062723c751e8b465ee728b)  -> (artifact id: '1cff581ba19346ec48920e265f2efe28') in 0.032269 seconds 
========================================================================
Received Import Request.
  Time since last request: 0.000019 seconds.
  path: Assets/PolygonKids/Prefabs/Props/SM_Prop_Binoculars_01.prefab
  artifactKey: Guid(c1a61149b2f1e53438d55eb7c726f0c0) Importer(815301076,1909f56bfc062723c751e8b465ee728b)
Start importing Assets/PolygonKids/Prefabs/Props/SM_Prop_Binoculars_01.prefab using Guid(c1a61149b2f1e53438d55eb7c726f0c0) Importer(815301076,1909f56bfc062723c751e8b465ee728b)  -> (artifact id: '077a8990749e830754d9f769cda8379d') in 0.031300 seconds 
========================================================================
Received Import Request.
  Time since last request: 0.000016 seconds.
  path: Assets/PolygonKids/Prefabs/Props/SM_Prop_Camp_Fire_01.prefab
  artifactKey: Guid(3f2d202b1b055584ea6386c99e12de49) Importer(815301076,1909f56bfc062723c751e8b465ee728b)
Start importing Assets/PolygonKids/Prefabs/Props/SM_Prop_Camp_Fire_01.prefab using Guid(3f2d202b1b055584ea6386c99e12de49) Importer(815301076,1909f56bfc062723c751e8b465ee728b)  -> (artifact id: 'd54fd7fefb68eab34c2994e56cbc0272') in 0.032039 seconds 
========================================================================
Received Import Request.
  Time since last request: 0.000018 seconds.
  path: Assets/PolygonKids/Prefabs/Props/SM_Prop_Cash_Register_01.prefab
  artifactKey: Guid(b83b2c344b3faf7469d38676a16782f0) Importer(815301076,1909f56bfc062723c751e8b465ee728b)
Start importing Assets/PolygonKids/Prefabs/Props/SM_Prop_Cash_Register_01.prefab using Guid(b83b2c344b3faf7469d38676a16782f0) Importer(815301076,1909f56bfc062723c751e8b465ee728b)  -> (artifact id: '544cd04d23a13b0b8a3b65efdfb15a69') in 0.032264 seconds 
========================================================================
Received Import Request.
  Time since last request: 0.000015 seconds.
  path: Assets/PolygonKids/Prefabs/Props/SM_Prop_Cauldron_01.prefab
  artifactKey: Guid(edfd59c2a97e2f841ba3daffbcb70421) Importer(815301076,1909f56bfc062723c751e8b465ee728b)
Start importing Assets/PolygonKids/Prefabs/Props/SM_Prop_Cauldron_01.prefab using Guid(edfd59c2a97e2f841ba3daffbcb70421) Importer(815301076,1909f56bfc062723c751e8b465ee728b)  -> (artifact id: '98fda584f71f5e4aa297d26b0b1e7d0d') in 0.032962 seconds 
========================================================================
Received Import Request.
  Time since last request: 0.000022 seconds.
  path: Assets/PolygonKids/Prefabs/Props/SM_Prop_Binoculars_02.prefab
  artifactKey: Guid(f5b09a2bba2085745bbc9964028e008e) Importer(815301076,1909f56bfc062723c751e8b465ee728b)
Start importing Assets/PolygonKids/Prefabs/Props/SM_Prop_Binoculars_02.prefab using Guid(f5b09a2bba2085745bbc9964028e008e) Importer(815301076,1909f56bfc062723c751e8b465ee728b)  -> (artifact id: '5d2b4fb5e65af4d83feb4e4ac83278b8') in 0.029930 seconds 
========================================================================
Received Import Request.
  Time since last request: 0.000020 seconds.
  path: Assets/PolygonKids/Prefabs/Props/SM_Prop_Bug_Net_01.prefab
  artifactKey: Guid(8bface039383c694995ed14625254ed6) Importer(815301076,1909f56bfc062723c751e8b465ee728b)
Start importing Assets/PolygonKids/Prefabs/Props/SM_Prop_Bug_Net_01.prefab using Guid(8bface039383c694995ed14625254ed6) Importer(815301076,1909f56bfc062723c751e8b465ee728b)  -> (artifact id: '7f08e6020fce9535d04784a033cc2cea') in 0.032553 seconds 
========================================================================
Received Import Request.
  Time since last request: 0.000019 seconds.
  path: Assets/PolygonKids/Prefabs/Props/SM_Prop_Flute_01.prefab
  artifactKey: Guid(dcdd078798b5e274ab19ee70c52e57a1) Importer(815301076,1909f56bfc062723c751e8b465ee728b)
Start importing Assets/PolygonKids/Prefabs/Props/SM_Prop_Flute_01.prefab using Guid(dcdd078798b5e274ab19ee70c52e57a1) Importer(815301076,1909f56bfc062723c751e8b465ee728b)  -> (artifact id: 'd141319c805ecbc0284b9a7e780233a6') in 0.034278 seconds 
========================================================================
Received Import Request.
  Time since last request: 0.000027 seconds.
  path: Assets/PolygonKids/Prefabs/Props/SM_Prop_Cassette_Tape_01.prefab
  artifactKey: Guid(15b18a4bc19bfd3409843b78d5dc10a8) Importer(815301076,1909f56bfc062723c751e8b465ee728b)
Start importing Assets/PolygonKids/Prefabs/Props/SM_Prop_Cassette_Tape_01.prefab using Guid(15b18a4bc19bfd3409843b78d5dc10a8) Importer(815301076,1909f56bfc062723c751e8b465ee728b)  -> (artifact id: '52b3893a7a590ad9d043745d23d0976f') in 0.037549 seconds 
========================================================================
Received Import Request.
  Time since last request: 0.000021 seconds.
  path: Assets/PolygonKids/Prefabs/Props/SM_Prop_Hair_Dryer_01.prefab
  artifactKey: Guid(ce57e0dd3905617448c61ba5879c886c) Importer(815301076,1909f56bfc062723c751e8b465ee728b)
Start importing Assets/PolygonKids/Prefabs/Props/SM_Prop_Hair_Dryer_01.prefab using Guid(ce57e0dd3905617448c61ba5879c886c) Importer(815301076,1909f56bfc062723c751e8b465ee728b)  -> (artifact id: '1bc88007b58d266fa4770ae82e3360bd') in 0.031320 seconds 
========================================================================
Received Import Request.
  Time since last request: 0.000018 seconds.
  path: Assets/PolygonKids/Prefabs/Props/SM_Prop_Blanket_Fort_02.prefab
  artifactKey: Guid(9e7a553dcc6f7da47b52208b334dee09) Importer(815301076,1909f56bfc062723c751e8b465ee728b)
Start importing Assets/PolygonKids/Prefabs/Props/SM_Prop_Blanket_Fort_02.prefab using Guid(9e7a553dcc6f7da47b52208b334dee09) Importer(815301076,1909f56bfc062723c751e8b465ee728b)  -> (artifact id: 'd82107b098e9e376dde2e7fddae6d0af') in 0.033059 seconds 
========================================================================
Received Import Request.
  Time since last request: 7.122217 seconds.
  path: Assets/PolygonKids/Textures/PolygonKids_Texture_01_A.png
  artifactKey: Guid(a1b06927c6d7fe849ba497f60453fbbc) Importer(815301076,1909f56bfc062723c751e8b465ee728b)
Start importing Assets/PolygonKids/Textures/PolygonKids_Texture_01_A.png using Guid(a1b06927c6d7fe849ba497f60453fbbc) Importer(815301076,1909f56bfc062723c751e8b465ee728b)  -> (artifact id: '46d5514d7b926e2755fd05d8528cc612') in 0.038331 seconds 
========================================================================
Received Import Request.
  Time since last request: 0.000018 seconds.
  path: Assets/PolygonKids/Textures/PolygonKids_Texture_02_B.png
  artifactKey: Guid(b558fe7b8bf6c024794533f4739d2937) Importer(815301076,1909f56bfc062723c751e8b465ee728b)
Start importing Assets/PolygonKids/Textures/PolygonKids_Texture_02_B.png using Guid(b558fe7b8bf6c024794533f4739d2937) Importer(815301076,1909f56bfc062723c751e8b465ee728b)  -> (artifact id: '96194e5e88a0c9b4ae72f20459d53679') in 0.016413 seconds 
========================================================================
Received Import Request.
  Time since last request: 0.000022 seconds.
  path: Assets/PolygonKids/Textures/PolygonKids_Texture_03_B.png
  artifactKey: Guid(d347d6f4c07d20640902728767dd2d5f) Importer(815301076,1909f56bfc062723c751e8b465ee728b)
Start importing Assets/PolygonKids/Textures/PolygonKids_Texture_03_B.png using Guid(d347d6f4c07d20640902728767dd2d5f) Importer(815301076,1909f56bfc062723c751e8b465ee728b)  -> (artifact id: 'fc0f2e0e2e65c72b61abefe54b3adbf6') in 0.015392 seconds 
========================================================================
Received Import Request.
  Time since last request: 0.000021 seconds.
  path: Assets/PolygonKids/Textures/PolygonKids_Texture_01_C.png
  artifactKey: Guid(2b70caeb01d9ebe49a6a8455882e4395) Importer(815301076,1909f56bfc062723c751e8b465ee728b)
Start importing Assets/PolygonKids/Textures/PolygonKids_Texture_01_C.png using Guid(2b70caeb01d9ebe49a6a8455882e4395) Importer(815301076,1909f56bfc062723c751e8b465ee728b)  -> (artifact id: 'e15b9bd4c6f455db2e0a05593e4db2f4') in 0.013886 seconds 
========================================================================
Received Import Request.
  Time since last request: 1.416054 seconds.
  path: Assets/PolygonKids/Textures/Faces_Robot/Polygon_Kids_Texture_Facial_Expression_Disgust_Robot_01.png
  artifactKey: Guid(8ea81123c47609b4ebf450f6a763b9dd) Importer(815301076,1909f56bfc062723c751e8b465ee728b)
Start importing Assets/PolygonKids/Textures/Faces_Robot/Polygon_Kids_Texture_Facial_Expression_Disgust_Robot_01.png using Guid(8ea81123c47609b4ebf450f6a763b9dd) Importer(815301076,1909f56bfc062723c751e8b465ee728b)  -> (artifact id: '1e2ae2cfc9754402143f56d8e342e0f2') in 0.012662 seconds 
========================================================================
Received Import Request.
  Time since last request: 0.000013 seconds.
  path: Assets/PolygonKids/Textures/Faces_Robot/Polygon_Kids_Texture_Facial_Expression_Evil_Robot_01.png
  artifactKey: Guid(d45681da77f672d4a928f60180fff6b8) Importer(815301076,1909f56bfc062723c751e8b465ee728b)
Start importing Assets/PolygonKids/Textures/Faces_Robot/Polygon_Kids_Texture_Facial_Expression_Evil_Robot_01.png using Guid(d45681da77f672d4a928f60180fff6b8) Importer(815301076,1909f56bfc062723c751e8b465ee728b)  -> (artifact id: 'a84d5321ed1260abc64cc5d54297a136') in 0.015752 seconds 
========================================================================
Received Import Request.
  Time since last request: 4.744663 seconds.
  path: Assets/PolygonKids/Textures/Faces_Human/Normal/Phonemes/Polygon_Kids_Texture_Facial_Phonemes_BMP_Freckles_01.png
  artifactKey: Guid(16dbf7e1c8fcc1a4281f42eb6e63e71d) Importer(815301076,1909f56bfc062723c751e8b465ee728b)
Start importing Assets/PolygonKids/Textures/Faces_Human/Normal/Phonemes/Polygon_Kids_Texture_Facial_Phonemes_BMP_Freckles_01.png using Guid(16dbf7e1c8fcc1a4281f42eb6e63e71d) Importer(815301076,1909f56bfc062723c751e8b465ee728b)  -> (artifact id: '927cb2ee1735c97f552383bb15bead4c') in 0.015831 seconds 
========================================================================
Received Import Request.
  Time since last request: 0.000028 seconds.
  path: Assets/PolygonKids/Textures/Faces_Human/Normal/Phonemes/Polygon_Kids_Texture_Facial_Phonemes_U_Freckles_01.png
  artifactKey: Guid(77b60104e223bb349988008d0737d756) Importer(815301076,1909f56bfc062723c751e8b465ee728b)
Start importing Assets/PolygonKids/Textures/Faces_Human/Normal/Phonemes/Polygon_Kids_Texture_Facial_Phonemes_U_Freckles_01.png using Guid(77b60104e223bb349988008d0737d756) Importer(815301076,1909f56bfc062723c751e8b465ee728b)  -> (artifact id: '3f000bd4a5cd832cb700db26cf6749c3') in 0.017610 seconds 
========================================================================
Received Import Request.
  Time since last request: 0.000031 seconds.
  path: Assets/PolygonKids/Textures/Faces_Human/Normal/Phonemes/Polygon_Kids_Texture_Facial_Phonemes_TH_Freckles_01.png
  artifactKey: Guid(33ea64c1b3fd78f4c92ede603a3e53eb) Importer(815301076,1909f56bfc062723c751e8b465ee728b)
Start importing Assets/PolygonKids/Textures/Faces_Human/Normal/Phonemes/Polygon_Kids_Texture_Facial_Phonemes_TH_Freckles_01.png using Guid(33ea64c1b3fd78f4c92ede603a3e53eb) Importer(815301076,1909f56bfc062723c751e8b465ee728b)  -> (artifact id: '9382641b910908ff572994ac444f28fe') in 0.020745 seconds 
========================================================================
Received Import Request.
  Time since last request: 153.810537 seconds.
  path: Packages/com.unity.collab-proxy/Editor/PlasticSCM/Assets/Images/buttonssosigninemail@2x.png
  artifactKey: Guid(ddf2e76e8a1f88f46ae1e42277850b48) Importer(815301076,1909f56bfc062723c751e8b465ee728b)
Start importing Packages/com.unity.collab-proxy/Editor/PlasticSCM/Assets/Images/buttonssosigninemail@2x.png using Guid(ddf2e76e8a1f88f46ae1e42277850b48) Importer(815301076,1909f56bfc062723c751e8b465ee728b)  -> (artifact id: '44fb66d9ef7836c01263e7c5347d089d') in 0.044066 seconds 
========================================================================
Received Import Request.
  Time since last request: 0.000042 seconds.
  path: Packages/com.unity.collab-proxy/Editor/PlasticSCM/Assets/Images/d_buttonssosigninemail@2x.png
  artifactKey: Guid(144aa74618b85974a9a50f612c2fa8fd) Importer(815301076,1909f56bfc062723c751e8b465ee728b)
Start importing Packages/com.unity.collab-proxy/Editor/PlasticSCM/Assets/Images/d_buttonssosigninemail@2x.png using Guid(144aa74618b85974a9a50f612c2fa8fd) Importer(815301076,1909f56bfc062723c751e8b465ee728b)  -> (artifact id: '767264cd5ac786aac18ffb65375d2157') in 0.029095 seconds 
========================================================================
Received Import Request.
  Time since last request: 0.000024 seconds.
  path: Packages/com.unity.collab-proxy/Editor/PlasticSCM/Assets/Images/d_cloudbuho.png
  artifactKey: Guid(e5600378dd761e64d9423790c482bf36) Importer(815301076,1909f56bfc062723c751e8b465ee728b)
Start importing Packages/com.unity.collab-proxy/Editor/PlasticSCM/Assets/Images/d_cloudbuho.png using Guid(e5600378dd761e64d9423790c482bf36) Importer(815301076,1909f56bfc062723c751e8b465ee728b)  -> (artifact id: 'fc8a05b485d341024001e23ee19a6839') in 0.031757 seconds 
========================================================================
Received Import Request.
  Time since last request: 0.000024 seconds.
  path: Packages/com.unity.collab-proxy/Editor/PlasticSCM/Assets/Images/buttonssosigningoogle.png
  artifactKey: Guid(f09eae8c0ea04254b90c5386a034a225) Importer(815301076,1909f56bfc062723c751e8b465ee728b)
Start importing Packages/com.unity.collab-proxy/Editor/PlasticSCM/Assets/Images/buttonssosigningoogle.png using Guid(f09eae8c0ea04254b90c5386a034a225) Importer(815301076,1909f56bfc062723c751e8b465ee728b)  -> (artifact id: '7c8d20de10e230507077844de549c019') in 0.028217 seconds 
========================================================================
Received Import Request.
  Time since last request: 37.866841 seconds.
  path: Assets/PolygonKids/Materials/PolygonKids_Material_02_A.mat
  artifactKey: Guid(13d8e4ad07f3588488a6798bc31ea63b) Importer(815301076,1909f56bfc062723c751e8b465ee728b)
Start importing Assets/PolygonKids/Materials/PolygonKids_Material_02_A.mat using Guid(13d8e4ad07f3588488a6798bc31ea63b) Importer(815301076,1909f56bfc062723c751e8b465ee728b)  -> (artifact id: '5a5ee05597e339ff0217f677425ddb12') in 0.029151 seconds 
========================================================================
Received Import Request.
  Time since last request: 0.000014 seconds.
  path: Assets/PolygonKids/Materials/PolygonKids_Material_04_A.mat
  artifactKey: Guid(7bad8bc1e83d2ee4ba61cb00a0c8355f) Importer(815301076,1909f56bfc062723c751e8b465ee728b)
Start importing Assets/PolygonKids/Materials/PolygonKids_Material_04_A.mat using Guid(7bad8bc1e83d2ee4ba61cb00a0c8355f) Importer(815301076,1909f56bfc062723c751e8b465ee728b)  -> (artifact id: '72275cda31fffee5f2bc1d7f76a1d348') in 0.020637 seconds 
========================================================================
Received Import Request.
  Time since last request: 1.697616 seconds.
  path: Assets/PolygonKids/Materials/Alts/PolygonKids_Material_01_C.mat
  artifactKey: Guid(1101b127daf8e6348884c6fd544575c0) Importer(815301076,1909f56bfc062723c751e8b465ee728b)
Start importing Assets/PolygonKids/Materials/Alts/PolygonKids_Material_01_C.mat using Guid(1101b127daf8e6348884c6fd544575c0) Importer(815301076,1909f56bfc062723c751e8b465ee728b)  -> (artifact id: '05f6268c44002909485dfb25cee05901') in 0.013926 seconds 
========================================================================
Received Import Request.
  Time since last request: 0.000016 seconds.
  path: Assets/PolygonKids/Materials/Alts/PolygonKids_Material_02_C.mat
  artifactKey: Guid(9bcb940468042c844a089c873e37b108) Importer(815301076,1909f56bfc062723c751e8b465ee728b)
Start importing Assets/PolygonKids/Materials/Alts/PolygonKids_Material_02_C.mat using Guid(9bcb940468042c844a089c873e37b108) Importer(815301076,1909f56bfc062723c751e8b465ee728b)  -> (artifact id: '27f74f08ab6c7746b9e302940f9a2146') in 0.015435 seconds 
========================================================================
Received Import Request.
  Time since last request: 0.000018 seconds.
  path: Assets/PolygonKids/Materials/Alts/PolygonKids_Material_03_C.mat
  artifactKey: Guid(ca2dfd5752267e84bb01109848079e50) Importer(815301076,1909f56bfc062723c751e8b465ee728b)
Start importing Assets/PolygonKids/Materials/Alts/PolygonKids_Material_03_C.mat using Guid(ca2dfd5752267e84bb01109848079e50) Importer(815301076,1909f56bfc062723c751e8b465ee728b)  -> (artifact id: 'ebdae518cce40ca9de5e72a60fc74599') in 0.015084 seconds 
========================================================================
Received Import Request.
  Time since last request: 2.028333 seconds.
  path: Assets/PolygonKids/Materials/Misc/PolygonKids_Material_01_Zombies_A.mat
  artifactKey: Guid(3fd8fbe47545b2e468efe1b8f0bf67e3) Importer(815301076,1909f56bfc062723c751e8b465ee728b)
Start importing Assets/PolygonKids/Materials/Misc/PolygonKids_Material_01_Zombies_A.mat using Guid(3fd8fbe47545b2e468efe1b8f0bf67e3) Importer(815301076,1909f56bfc062723c751e8b465ee728b)  -> (artifact id: 'a9ec01c32f3bc41dea61ab7c9db2f128') in 0.191601 seconds 
========================================================================
Received Import Request.
  Time since last request: 8.791687 seconds.
  path: Assets/PolygonKids/Textures/Faces_Human/MissingTooth/Phonemes/Polygon_Kids_Texture_Facial_Phonemes_AEI_MissingTooth_01.png
  artifactKey: Guid(0ee79a83f068d59488e4fbc80ef301f7) Importer(815301076,1909f56bfc062723c751e8b465ee728b)
Start importing Assets/PolygonKids/Textures/Faces_Human/MissingTooth/Phonemes/Polygon_Kids_Texture_Facial_Phonemes_AEI_MissingTooth_01.png using Guid(0ee79a83f068d59488e4fbc80ef301f7) Importer(815301076,1909f56bfc062723c751e8b465ee728b)  -> (artifact id: 'ade3285c325f6a295fb0d7fc22ccd8b2') in 0.019905 seconds 
========================================================================
Received Import Request.
  Time since last request: 0.000017 seconds.
  path: Assets/PolygonKids/Textures/Faces_Human/MissingTooth/Phonemes/Polygon_Kids_Texture_Facial_Phonemes_U_MissingTooth_01.png
  artifactKey: Guid(b93a28619da279d4cafc8c44dcbeea5e) Importer(815301076,1909f56bfc062723c751e8b465ee728b)
Start importing Assets/PolygonKids/Textures/Faces_Human/MissingTooth/Phonemes/Polygon_Kids_Texture_Facial_Phonemes_U_MissingTooth_01.png using Guid(b93a28619da279d4cafc8c44dcbeea5e) Importer(815301076,1909f56bfc062723c751e8b465ee728b)  -> (artifact id: '7eee92fe1483e4cddb1476d34367aac8') in 0.016377 seconds 
========================================================================
Received Import Request.
  Time since last request: 0.000033 seconds.
  path: Assets/PolygonKids/Textures/Faces_Human/MissingTooth/Phonemes/Polygon_Kids_Texture_Facial_Phonemes_TH_MissingTooth_01.png
  artifactKey: Guid(81ea0500e1b59d543a55943cda214025) Importer(815301076,1909f56bfc062723c751e8b465ee728b)
Start importing Assets/PolygonKids/Textures/Faces_Human/MissingTooth/Phonemes/Polygon_Kids_Texture_Facial_Phonemes_TH_MissingTooth_01.png using Guid(81ea0500e1b59d543a55943cda214025) Importer(815301076,1909f56bfc062723c751e8b465ee728b)  -> (artifact id: '1e91a1aaeb3b5f88655a83fa2c5057f3') in 0.022321 seconds 
Editor requested this worker to shutdown with reason: Scaling down because of idle timeout
AssetImportWorker is now disconnected from the server
Process exiting
Exiting without the bug reporter. Application will terminate with return code 0